Start testing: Jul 19 22:14 CDT
----------------------------------------------------------
1/214 Testing: OrderBook.FifoAtSamePrice
1/214 Test: OrderBook.FifoAtSamePrice
Command: "/Users/namtran/minimatch/build-ci/minimatch_tests" "--gtest_filter=OrderBook.FifoAtSamePrice" "--gtest_also_run_disabled_tests"
Directory: /Users/namtran/minimatch/build-ci
"OrderBook.FifoAtSamePrice" start time: Jul 19 22:14 CDT
Output:
----------------------------------------------------------
Running main() from /Users/namtran/minimatch/build-ci/_deps/googletest-src/googletest/src/gtest_main.cc
Note: Google Test filter = OrderBook.FifoAtSamePrice
[==========] Running 1 test from 1 test suite.
[----------] Global test environment set-up.
[----------] 1 test from OrderBook
[ RUN      ] OrderBook.FifoAtSamePrice
[       OK ] OrderBook.FifoAtSamePrice (0 ms)
[----------] 1 test from OrderBook (0 ms total)

[----------] Global test environment tear-down
[==========] 1 test from 1 test suite ran. (0 ms total)
[  PASSED  ] 1 test.
<end of output>
Test time =   0.02 sec
----------------------------------------------------------
Test Passed.
"OrderBook.FifoAtSamePrice" end time: Jul 19 22:14 CDT
"OrderBook.FifoAtSamePrice" time elapsed: 00:00:00
----------------------------------------------------------

2/214 Testing: OrderBook.BestPriceBeforeTime
2/214 Test: OrderBook.BestPriceBeforeTime
Command: "/Users/namtran/minimatch/build-ci/minimatch_tests" "--gtest_filter=OrderBook.BestPriceBeforeTime" "--gtest_also_run_disabled_tests"
Directory: /Users/namtran/minimatch/build-ci
"OrderBook.BestPriceBeforeTime" start time: Jul 19 22:14 CDT
Output:
----------------------------------------------------------
Running main() from /Users/namtran/minimatch/build-ci/_deps/googletest-src/googletest/src/gtest_main.cc
Note: Google Test filter = OrderBook.BestPriceBeforeTime
[==========] Running 1 test from 1 test suite.
[----------] Global test environment set-up.
[----------] 1 test from OrderBook
[ RUN      ] OrderBook.BestPriceBeforeTime
[       OK ] OrderBook.BestPriceBeforeTime (0 ms)
[----------] 1 test from OrderBook (0 ms total)

[----------] Global test environment tear-down
[==========] 1 test from 1 test suite ran. (0 ms total)
[  PASSED  ] 1 test.
<end of output>
Test time =   0.01 sec
----------------------------------------------------------
Test Passed.
"OrderBook.BestPriceBeforeTime" end time: Jul 19 22:14 CDT
"OrderBook.BestPriceBeforeTime" time elapsed: 00:00:00
----------------------------------------------------------

3/214 Testing: OrderBook.IOCDoesNotRest
3/214 Test: OrderBook.IOCDoesNotRest
Command: "/Users/namtran/minimatch/build-ci/minimatch_tests" "--gtest_filter=OrderBook.IOCDoesNotRest" "--gtest_also_run_disabled_tests"
Directory: /Users/namtran/minimatch/build-ci
"OrderBook.IOCDoesNotRest" start time: Jul 19 22:14 CDT
Output:
----------------------------------------------------------
Running main() from /Users/namtran/minimatch/build-ci/_deps/googletest-src/googletest/src/gtest_main.cc
Note: Google Test filter = OrderBook.IOCDoesNotRest
[==========] Running 1 test from 1 test suite.
[----------] Global test environment set-up.
[----------] 1 test from OrderBook
[ RUN      ] OrderBook.IOCDoesNotRest
[       OK ] OrderBook.IOCDoesNotRest (0 ms)
[----------] 1 test from OrderBook (0 ms total)

[----------] Global test environment tear-down
[==========] 1 test from 1 test suite ran. (0 ms total)
[  PASSED  ] 1 test.
<end of output>
Test time =   0.01 sec
----------------------------------------------------------
Test Passed.
"OrderBook.IOCDoesNotRest" end time: Jul 19 22:14 CDT
"OrderBook.IOCDoesNotRest" time elapsed: 00:00:00
----------------------------------------------------------

4/214 Testing: OrderBook.MarketDoesNotRest
4/214 Test: OrderBook.MarketDoesNotRest
Command: "/Users/namtran/minimatch/build-ci/minimatch_tests" "--gtest_filter=OrderBook.MarketDoesNotRest" "--gtest_also_run_disabled_tests"
Directory: /Users/namtran/minimatch/build-ci
"OrderBook.MarketDoesNotRest" start time: Jul 19 22:14 CDT
Output:
----------------------------------------------------------
Running main() from /Users/namtran/minimatch/build-ci/_deps/googletest-src/googletest/src/gtest_main.cc
Note: Google Test filter = OrderBook.MarketDoesNotRest
[==========] Running 1 test from 1 test suite.
[----------] Global test environment set-up.
[----------] 1 test from OrderBook
[ RUN      ] OrderBook.MarketDoesNotRest
[       OK ] OrderBook.MarketDoesNotRest (0 ms)
[----------] 1 test from OrderBook (0 ms total)

[----------] Global test environment tear-down
[==========] 1 test from 1 test suite ran. (0 ms total)
[  PASSED  ] 1 test.
<end of output>
Test time =   0.01 sec
----------------------------------------------------------
Test Passed.
"OrderBook.MarketDoesNotRest" end time: Jul 19 22:14 CDT
"OrderBook.MarketDoesNotRest" time elapsed: 00:00:00
----------------------------------------------------------

5/214 Testing: OrderBook.CancelRemovesOrder
5/214 Test: OrderBook.CancelRemovesOrder
Command: "/Users/namtran/minimatch/build-ci/minimatch_tests" "--gtest_filter=OrderBook.CancelRemovesOrder" "--gtest_also_run_disabled_tests"
Directory: /Users/namtran/minimatch/build-ci
"OrderBook.CancelRemovesOrder" start time: Jul 19 22:14 CDT
Output:
----------------------------------------------------------
Running main() from /Users/namtran/minimatch/build-ci/_deps/googletest-src/googletest/src/gtest_main.cc
Note: Google Test filter = OrderBook.CancelRemovesOrder
[==========] Running 1 test from 1 test suite.
[----------] Global test environment set-up.
[----------] 1 test from OrderBook
[ RUN      ] OrderBook.CancelRemovesOrder
[       OK ] OrderBook.CancelRemovesOrder (0 ms)
[----------] 1 test from OrderBook (0 ms total)

[----------] Global test environment tear-down
[==========] 1 test from 1 test suite ran. (0 ms total)
[  PASSED  ] 1 test.
<end of output>
Test time =   0.01 sec
----------------------------------------------------------
Test Passed.
"OrderBook.CancelRemovesOrder" end time: Jul 19 22:14 CDT
"OrderBook.CancelRemovesOrder" time elapsed: 00:00:00
----------------------------------------------------------

6/214 Testing: OrderBook.PartialFillRestsLimitRemainder
6/214 Test: OrderBook.PartialFillRestsLimitRemainder
Command: "/Users/namtran/minimatch/build-ci/minimatch_tests" "--gtest_filter=OrderBook.PartialFillRestsLimitRemainder" "--gtest_also_run_disabled_tests"
Directory: /Users/namtran/minimatch/build-ci
"OrderBook.PartialFillRestsLimitRemainder" start time: Jul 19 22:14 CDT
Output:
----------------------------------------------------------
Running main() from /Users/namtran/minimatch/build-ci/_deps/googletest-src/googletest/src/gtest_main.cc
Note: Google Test filter = OrderBook.PartialFillRestsLimitRemainder
[==========] Running 1 test from 1 test suite.
[----------] Global test environment set-up.
[----------] 1 test from OrderBook
[ RUN      ] OrderBook.PartialFillRestsLimitRemainder
[       OK ] OrderBook.PartialFillRestsLimitRemainder (0 ms)
[----------] 1 test from OrderBook (0 ms total)

[----------] Global test environment tear-down
[==========] 1 test from 1 test suite ran. (0 ms total)
[  PASSED  ] 1 test.
<end of output>
Test time =   0.01 sec
----------------------------------------------------------
Test Passed.
"OrderBook.PartialFillRestsLimitRemainder" end time: Jul 19 22:14 CDT
"OrderBook.PartialFillRestsLimitRemainder" time elapsed: 00:00:00
----------------------------------------------------------

7/214 Testing: OrderBook.DeterministicStateHash
7/214 Test: OrderBook.DeterministicStateHash
Command: "/Users/namtran/minimatch/build-ci/minimatch_tests" "--gtest_filter=OrderBook.DeterministicStateHash" "--gtest_also_run_disabled_tests"
Directory: /Users/namtran/minimatch/build-ci
"OrderBook.DeterministicStateHash" start time: Jul 19 22:14 CDT
Output:
----------------------------------------------------------
Running main() from /Users/namtran/minimatch/build-ci/_deps/googletest-src/googletest/src/gtest_main.cc
Note: Google Test filter = OrderBook.DeterministicStateHash
[==========] Running 1 test from 1 test suite.
[----------] Global test environment set-up.
[----------] 1 test from OrderBook
[ RUN      ] OrderBook.DeterministicStateHash
[       OK ] OrderBook.DeterministicStateHash (0 ms)
[----------] 1 test from OrderBook (0 ms total)

[----------] Global test environment tear-down
[==========] 1 test from 1 test suite ran. (0 ms total)
[  PASSED  ] 1 test.
<end of output>
Test time =   0.01 sec
----------------------------------------------------------
Test Passed.
"OrderBook.DeterministicStateHash" end time: Jul 19 22:14 CDT
"OrderBook.DeterministicStateHash" time elapsed: 00:00:00
----------------------------------------------------------

8/214 Testing: OrderBook.RejectDuplicate
8/214 Test: OrderBook.RejectDuplicate
Command: "/Users/namtran/minimatch/build-ci/minimatch_tests" "--gtest_filter=OrderBook.RejectDuplicate" "--gtest_also_run_disabled_tests"
Directory: /Users/namtran/minimatch/build-ci
"OrderBook.RejectDuplicate" start time: Jul 19 22:14 CDT
Output:
----------------------------------------------------------
Running main() from /Users/namtran/minimatch/build-ci/_deps/googletest-src/googletest/src/gtest_main.cc
Note: Google Test filter = OrderBook.RejectDuplicate
[==========] Running 1 test from 1 test suite.
[----------] Global test environment set-up.
[----------] 1 test from OrderBook
[ RUN      ] OrderBook.RejectDuplicate
[       OK ] OrderBook.RejectDuplicate (0 ms)
[----------] 1 test from OrderBook (0 ms total)

[----------] Global test environment tear-down
[==========] 1 test from 1 test suite ran. (0 ms total)
[  PASSED  ] 1 test.
<end of output>
Test time =   0.01 sec
----------------------------------------------------------
Test Passed.
"OrderBook.RejectDuplicate" end time: Jul 19 22:14 CDT
"OrderBook.RejectDuplicate" time elapsed: 00:00:00
----------------------------------------------------------

9/214 Testing: AdvancedOrderBook.FillOrKillRejectsWithoutMutation
9/214 Test: AdvancedOrderBook.FillOrKillRejectsWithoutMutation
Command: "/Users/namtran/minimatch/build-ci/minimatch_tests" "--gtest_filter=AdvancedOrderBook.FillOrKillRejectsWithoutMutation" "--gtest_also_run_disabled_tests"
Directory: /Users/namtran/minimatch/build-ci
"AdvancedOrderBook.FillOrKillRejectsWithoutMutation" start time: Jul 19 22:14 CDT
Output:
----------------------------------------------------------
Running main() from /Users/namtran/minimatch/build-ci/_deps/googletest-src/googletest/src/gtest_main.cc
Note: Google Test filter = AdvancedOrderBook.FillOrKillRejectsWithoutMutation
[==========] Running 1 test from 1 test suite.
[----------] Global test environment set-up.
[----------] 1 test from AdvancedOrderBook
[ RUN      ] AdvancedOrderBook.FillOrKillRejectsWithoutMutation
[       OK ] AdvancedOrderBook.FillOrKillRejectsWithoutMutation (0 ms)
[----------] 1 test from AdvancedOrderBook (0 ms total)

[----------] Global test environment tear-down
[==========] 1 test from 1 test suite ran. (0 ms total)
[  PASSED  ] 1 test.
<end of output>
Test time =   0.01 sec
----------------------------------------------------------
Test Passed.
"AdvancedOrderBook.FillOrKillRejectsWithoutMutation" end time: Jul 19 22:14 CDT
"AdvancedOrderBook.FillOrKillRejectsWithoutMutation" time elapsed: 00:00:00
----------------------------------------------------------

10/214 Testing: AdvancedOrderBook.FillOrKillExecutesCompletely
10/214 Test: AdvancedOrderBook.FillOrKillExecutesCompletely
Command: "/Users/namtran/minimatch/build-ci/minimatch_tests" "--gtest_filter=AdvancedOrderBook.FillOrKillExecutesCompletely" "--gtest_also_run_disabled_tests"
Directory: /Users/namtran/minimatch/build-ci
"AdvancedOrderBook.FillOrKillExecutesCompletely" start time: Jul 19 22:14 CDT
Output:
----------------------------------------------------------
Running main() from /Users/namtran/minimatch/build-ci/_deps/googletest-src/googletest/src/gtest_main.cc
Note: Google Test filter = AdvancedOrderBook.FillOrKillExecutesCompletely
[==========] Running 1 test from 1 test suite.
[----------] Global test environment set-up.
[----------] 1 test from AdvancedOrderBook
[ RUN      ] AdvancedOrderBook.FillOrKillExecutesCompletely
[       OK ] AdvancedOrderBook.FillOrKillExecutesCompletely (0 ms)
[----------] 1 test from AdvancedOrderBook (0 ms total)

[----------] Global test environment tear-down
[==========] 1 test from 1 test suite ran. (0 ms total)
[  PASSED  ] 1 test.
<end of output>
Test time =   0.01 sec
----------------------------------------------------------
Test Passed.
"AdvancedOrderBook.FillOrKillExecutesCompletely" end time: Jul 19 22:14 CDT
"AdvancedOrderBook.FillOrKillExecutesCompletely" time elapsed: 00:00:00
----------------------------------------------------------

11/214 Testing: AdvancedOrderBook.PostOnlyRejectsCrossingOrder
11/214 Test: AdvancedOrderBook.PostOnlyRejectsCrossingOrder
Command: "/Users/namtran/minimatch/build-ci/minimatch_tests" "--gtest_filter=AdvancedOrderBook.PostOnlyRejectsCrossingOrder" "--gtest_also_run_disabled_tests"
Directory: /Users/namtran/minimatch/build-ci
"AdvancedOrderBook.PostOnlyRejectsCrossingOrder" start time: Jul 19 22:14 CDT
Output:
----------------------------------------------------------
Running main() from /Users/namtran/minimatch/build-ci/_deps/googletest-src/googletest/src/gtest_main.cc
Note: Google Test filter = AdvancedOrderBook.PostOnlyRejectsCrossingOrder
[==========] Running 1 test from 1 test suite.
[----------] Global test environment set-up.
[----------] 1 test from AdvancedOrderBook
[ RUN      ] AdvancedOrderBook.PostOnlyRejectsCrossingOrder
[       OK ] AdvancedOrderBook.PostOnlyRejectsCrossingOrder (0 ms)
[----------] 1 test from AdvancedOrderBook (0 ms total)

[----------] Global test environment tear-down
[==========] 1 test from 1 test suite ran. (0 ms total)
[  PASSED  ] 1 test.
<end of output>
Test time =   0.01 sec
----------------------------------------------------------
Test Passed.
"AdvancedOrderBook.PostOnlyRejectsCrossingOrder" end time: Jul 19 22:14 CDT
"AdvancedOrderBook.PostOnlyRejectsCrossingOrder" time elapsed: 00:00:00
----------------------------------------------------------

12/214 Testing: AdvancedOrderBook.QuantityReductionPreservesPriority
12/214 Test: AdvancedOrderBook.QuantityReductionPreservesPriority
Command: "/Users/namtran/minimatch/build-ci/minimatch_tests" "--gtest_filter=AdvancedOrderBook.QuantityReductionPreservesPriority" "--gtest_also_run_disabled_tests"
Directory: /Users/namtran/minimatch/build-ci
"AdvancedOrderBook.QuantityReductionPreservesPriority" start time: Jul 19 22:14 CDT
Output:
----------------------------------------------------------
Running main() from /Users/namtran/minimatch/build-ci/_deps/googletest-src/googletest/src/gtest_main.cc
Note: Google Test filter = AdvancedOrderBook.QuantityReductionPreservesPriority
[==========] Running 1 test from 1 test suite.
[----------] Global test environment set-up.
[----------] 1 test from AdvancedOrderBook
[ RUN      ] AdvancedOrderBook.QuantityReductionPreservesPriority
[       OK ] AdvancedOrderBook.QuantityReductionPreservesPriority (0 ms)
[----------] 1 test from AdvancedOrderBook (0 ms total)

[----------] Global test environment tear-down
[==========] 1 test from 1 test suite ran. (0 ms total)
[  PASSED  ] 1 test.
<end of output>
Test time =   0.01 sec
----------------------------------------------------------
Test Passed.
"AdvancedOrderBook.QuantityReductionPreservesPriority" end time: Jul 19 22:14 CDT
"AdvancedOrderBook.QuantityReductionPreservesPriority" time elapsed: 00:00:00
----------------------------------------------------------

13/214 Testing: AdvancedOrderBook.PriceChangeLosesPriority
13/214 Test: AdvancedOrderBook.PriceChangeLosesPriority
Command: "/Users/namtran/minimatch/build-ci/minimatch_tests" "--gtest_filter=AdvancedOrderBook.PriceChangeLosesPriority" "--gtest_also_run_disabled_tests"
Directory: /Users/namtran/minimatch/build-ci
"AdvancedOrderBook.PriceChangeLosesPriority" start time: Jul 19 22:14 CDT
Output:
----------------------------------------------------------
Running main() from /Users/namtran/minimatch/build-ci/_deps/googletest-src/googletest/src/gtest_main.cc
Note: Google Test filter = AdvancedOrderBook.PriceChangeLosesPriority
[==========] Running 1 test from 1 test suite.
[----------] Global test environment set-up.
[----------] 1 test from AdvancedOrderBook
[ RUN      ] AdvancedOrderBook.PriceChangeLosesPriority
[       OK ] AdvancedOrderBook.PriceChangeLosesPriority (0 ms)
[----------] 1 test from AdvancedOrderBook (0 ms total)

[----------] Global test environment tear-down
[==========] 1 test from 1 test suite ran. (0 ms total)
[  PASSED  ] 1 test.
<end of output>
Test time =   0.01 sec
----------------------------------------------------------
Test Passed.
"AdvancedOrderBook.PriceChangeLosesPriority" end time: Jul 19 22:14 CDT
"AdvancedOrderBook.PriceChangeLosesPriority" time elapsed: 00:00:00
----------------------------------------------------------

14/214 Testing: AdvancedOrderBook.DepthIncludesOrderCount
14/214 Test: AdvancedOrderBook.DepthIncludesOrderCount
Command: "/Users/namtran/minimatch/build-ci/minimatch_tests" "--gtest_filter=AdvancedOrderBook.DepthIncludesOrderCount" "--gtest_also_run_disabled_tests"
Directory: /Users/namtran/minimatch/build-ci
"AdvancedOrderBook.DepthIncludesOrderCount" start time: Jul 19 22:14 CDT
Output:
----------------------------------------------------------
Running main() from /Users/namtran/minimatch/build-ci/_deps/googletest-src/googletest/src/gtest_main.cc
Note: Google Test filter = AdvancedOrderBook.DepthIncludesOrderCount
[==========] Running 1 test from 1 test suite.
[----------] Global test environment set-up.
[----------] 1 test from AdvancedOrderBook
[ RUN      ] AdvancedOrderBook.DepthIncludesOrderCount
[       OK ] AdvancedOrderBook.DepthIncludesOrderCount (0 ms)
[----------] 1 test from AdvancedOrderBook (0 ms total)

[----------] Global test environment tear-down
[==========] 1 test from 1 test suite ran. (0 ms total)
[  PASSED  ] 1 test.
<end of output>
Test time =   0.01 sec
----------------------------------------------------------
Test Passed.
"AdvancedOrderBook.DepthIncludesOrderCount" end time: Jul 19 22:14 CDT
"AdvancedOrderBook.DepthIncludesOrderCount" time elapsed: 00:00:00
----------------------------------------------------------

15/214 Testing: AdvancedExchange.MultiSymbolIsolation
15/214 Test: AdvancedExchange.MultiSymbolIsolation
Command: "/Users/namtran/minimatch/build-ci/minimatch_tests" "--gtest_filter=AdvancedExchange.MultiSymbolIsolation" "--gtest_also_run_disabled_tests"
Directory: /Users/namtran/minimatch/build-ci
"AdvancedExchange.MultiSymbolIsolation" start time: Jul 19 22:14 CDT
Output:
----------------------------------------------------------
Running main() from /Users/namtran/minimatch/build-ci/_deps/googletest-src/googletest/src/gtest_main.cc
Note: Google Test filter = AdvancedExchange.MultiSymbolIsolation
[==========] Running 1 test from 1 test suite.
[----------] Global test environment set-up.
[----------] 1 test from AdvancedExchange
[ RUN      ] AdvancedExchange.MultiSymbolIsolation
[       OK ] AdvancedExchange.MultiSymbolIsolation (0 ms)
[----------] 1 test from AdvancedExchange (0 ms total)

[----------] Global test environment tear-down
[==========] 1 test from 1 test suite ran. (0 ms total)
[  PASSED  ] 1 test.
<end of output>
Test time =   0.01 sec
----------------------------------------------------------
Test Passed.
"AdvancedExchange.MultiSymbolIsolation" end time: Jul 19 22:14 CDT
"AdvancedExchange.MultiSymbolIsolation" time elapsed: 00:00:00
----------------------------------------------------------

16/214 Testing: AdvancedExchange.SnapshotRoundTrip
16/214 Test: AdvancedExchange.SnapshotRoundTrip
Command: "/Users/namtran/minimatch/build-ci/minimatch_tests" "--gtest_filter=AdvancedExchange.SnapshotRoundTrip" "--gtest_also_run_disabled_tests"
Directory: /Users/namtran/minimatch/build-ci
"AdvancedExchange.SnapshotRoundTrip" start time: Jul 19 22:14 CDT
Output:
----------------------------------------------------------
Running main() from /Users/namtran/minimatch/build-ci/_deps/googletest-src/googletest/src/gtest_main.cc
Note: Google Test filter = AdvancedExchange.SnapshotRoundTrip
[==========] Running 1 test from 1 test suite.
[----------] Global test environment set-up.
[----------] 1 test from AdvancedExchange
[ RUN      ] AdvancedExchange.SnapshotRoundTrip
[       OK ] AdvancedExchange.SnapshotRoundTrip (0 ms)
[----------] 1 test from AdvancedExchange (0 ms total)

[----------] Global test environment tear-down
[==========] 1 test from 1 test suite ran. (0 ms total)
[  PASSED  ] 1 test.
<end of output>
Test time =   0.01 sec
----------------------------------------------------------
Test Passed.
"AdvancedExchange.SnapshotRoundTrip" end time: Jul 19 22:14 CDT
"AdvancedExchange.SnapshotRoundTrip" time elapsed: 00:00:00
----------------------------------------------------------

17/214 Testing: RiskEngine.RejectsOversizedOrder
17/214 Test: RiskEngine.RejectsOversizedOrder
Command: "/Users/namtran/minimatch/build-ci/minimatch_tests" "--gtest_filter=RiskEngine.RejectsOversizedOrder" "--gtest_also_run_disabled_tests"
Directory: /Users/namtran/minimatch/build-ci
"RiskEngine.RejectsOversizedOrder" start time: Jul 19 22:14 CDT
Output:
----------------------------------------------------------
Running main() from /Users/namtran/minimatch/build-ci/_deps/googletest-src/googletest/src/gtest_main.cc
Note: Google Test filter = RiskEngine.RejectsOversizedOrder
[==========] Running 1 test from 1 test suite.
[----------] Global test environment set-up.
[----------] 1 test from RiskEngine
[ RUN      ] RiskEngine.RejectsOversizedOrder
[       OK ] RiskEngine.RejectsOversizedOrder (0 ms)
[----------] 1 test from RiskEngine (0 ms total)

[----------] Global test environment tear-down
[==========] 1 test from 1 test suite ran. (0 ms total)
[  PASSED  ] 1 test.
<end of output>
Test time =   0.01 sec
----------------------------------------------------------
Test Passed.
"RiskEngine.RejectsOversizedOrder" end time: Jul 19 22:14 CDT
"RiskEngine.RejectsOversizedOrder" time elapsed: 00:00:00
----------------------------------------------------------

18/214 Testing: RiskEngine.EnforcesPositionLimit
18/214 Test: RiskEngine.EnforcesPositionLimit
Command: "/Users/namtran/minimatch/build-ci/minimatch_tests" "--gtest_filter=RiskEngine.EnforcesPositionLimit" "--gtest_also_run_disabled_tests"
Directory: /Users/namtran/minimatch/build-ci
"RiskEngine.EnforcesPositionLimit" start time: Jul 19 22:14 CDT
Output:
----------------------------------------------------------
Running main() from /Users/namtran/minimatch/build-ci/_deps/googletest-src/googletest/src/gtest_main.cc
Note: Google Test filter = RiskEngine.EnforcesPositionLimit
[==========] Running 1 test from 1 test suite.
[----------] Global test environment set-up.
[----------] 1 test from RiskEngine
[ RUN      ] RiskEngine.EnforcesPositionLimit
[       OK ] RiskEngine.EnforcesPositionLimit (0 ms)
[----------] 1 test from RiskEngine (0 ms total)

[----------] Global test environment tear-down
[==========] 1 test from 1 test suite ran. (0 ms total)
[  PASSED  ] 1 test.
<end of output>
Test time =   0.01 sec
----------------------------------------------------------
Test Passed.
"RiskEngine.EnforcesPositionLimit" end time: Jul 19 22:14 CDT
"RiskEngine.EnforcesPositionLimit" time elapsed: 00:00:00
----------------------------------------------------------

19/214 Testing: RiskEngine.DailyLossTriggersKillSwitch
19/214 Test: RiskEngine.DailyLossTriggersKillSwitch
Command: "/Users/namtran/minimatch/build-ci/minimatch_tests" "--gtest_filter=RiskEngine.DailyLossTriggersKillSwitch" "--gtest_also_run_disabled_tests"
Directory: /Users/namtran/minimatch/build-ci
"RiskEngine.DailyLossTriggersKillSwitch" start time: Jul 19 22:14 CDT
Output:
----------------------------------------------------------
Running main() from /Users/namtran/minimatch/build-ci/_deps/googletest-src/googletest/src/gtest_main.cc
Note: Google Test filter = RiskEngine.DailyLossTriggersKillSwitch
[==========] Running 1 test from 1 test suite.
[----------] Global test environment set-up.
[----------] 1 test from RiskEngine
[ RUN      ] RiskEngine.DailyLossTriggersKillSwitch
[       OK ] RiskEngine.DailyLossTriggersKillSwitch (0 ms)
[----------] 1 test from RiskEngine (0 ms total)

[----------] Global test environment tear-down
[==========] 1 test from 1 test suite ran. (0 ms total)
[  PASSED  ] 1 test.
<end of output>
Test time =   0.01 sec
----------------------------------------------------------
Test Passed.
"RiskEngine.DailyLossTriggersKillSwitch" end time: Jul 19 22:14 CDT
"RiskEngine.DailyLossTriggersKillSwitch" time elapsed: 00:00:00
----------------------------------------------------------

20/214 Testing: Analytics.ComputesDrawdownAndWinRate
20/214 Test: Analytics.ComputesDrawdownAndWinRate
Command: "/Users/namtran/minimatch/build-ci/minimatch_tests" "--gtest_filter=Analytics.ComputesDrawdownAndWinRate" "--gtest_also_run_disabled_tests"
Directory: /Users/namtran/minimatch/build-ci
"Analytics.ComputesDrawdownAndWinRate" start time: Jul 19 22:14 CDT
Output:
----------------------------------------------------------
Running main() from /Users/namtran/minimatch/build-ci/_deps/googletest-src/googletest/src/gtest_main.cc
Note: Google Test filter = Analytics.ComputesDrawdownAndWinRate
[==========] Running 1 test from 1 test suite.
[----------] Global test environment set-up.
[----------] 1 test from Analytics
[ RUN      ] Analytics.ComputesDrawdownAndWinRate
[       OK ] Analytics.ComputesDrawdownAndWinRate (0 ms)
[----------] 1 test from Analytics (0 ms total)

[----------] Global test environment tear-down
[==========] 1 test from 1 test suite ran. (0 ms total)
[  PASSED  ] 1 test.
<end of output>
Test time =   0.01 sec
----------------------------------------------------------
Test Passed.
"Analytics.ComputesDrawdownAndWinRate" end time: Jul 19 22:14 CDT
"Analytics.ComputesDrawdownAndWinRate" time elapsed: 00:00:00
----------------------------------------------------------

21/214 Testing: Options.PutCallParityAndImpliedVolatility
21/214 Test: Options.PutCallParityAndImpliedVolatility
Command: "/Users/namtran/minimatch/build-ci/minimatch_tests" "--gtest_filter=Options.PutCallParityAndImpliedVolatility" "--gtest_also_run_disabled_tests"
Directory: /Users/namtran/minimatch/build-ci
"Options.PutCallParityAndImpliedVolatility" start time: Jul 19 22:14 CDT
Output:
----------------------------------------------------------
Running main() from /Users/namtran/minimatch/build-ci/_deps/googletest-src/googletest/src/gtest_main.cc
Note: Google Test filter = Options.PutCallParityAndImpliedVolatility
[==========] Running 1 test from 1 test suite.
[----------] Global test environment set-up.
[----------] 1 test from Options
[ RUN      ] Options.PutCallParityAndImpliedVolatility
[       OK ] Options.PutCallParityAndImpliedVolatility (0 ms)
[----------] 1 test from Options (0 ms total)

[----------] Global test environment tear-down
[==========] 1 test from 1 test suite ran. (0 ms total)
[  PASSED  ] 1 test.
<end of output>
Test time =   0.01 sec
----------------------------------------------------------
Test Passed.
"Options.PutCallParityAndImpliedVolatility" end time: Jul 19 22:14 CDT
"Options.PutCallParityAndImpliedVolatility" time elapsed: 00:00:00
----------------------------------------------------------

22/214 Testing: Options.MonteCarloConvergesNearBlackScholes
22/214 Test: Options.MonteCarloConvergesNearBlackScholes
Command: "/Users/namtran/minimatch/build-ci/minimatch_tests" "--gtest_filter=Options.MonteCarloConvergesNearBlackScholes" "--gtest_also_run_disabled_tests"
Directory: /Users/namtran/minimatch/build-ci
"Options.MonteCarloConvergesNearBlackScholes" start time: Jul 19 22:14 CDT
Output:
----------------------------------------------------------
Running main() from /Users/namtran/minimatch/build-ci/_deps/googletest-src/googletest/src/gtest_main.cc
Note: Google Test filter = Options.MonteCarloConvergesNearBlackScholes
[==========] Running 1 test from 1 test suite.
[----------] Global test environment set-up.
[----------] 1 test from Options
[ RUN      ] Options.MonteCarloConvergesNearBlackScholes
[       OK ] Options.MonteCarloConvergesNearBlackScholes (15 ms)
[----------] 1 test from Options (15 ms total)

[----------] Global test environment tear-down
[==========] 1 test from 1 test suite ran. (15 ms total)
[  PASSED  ] 1 test.
<end of output>
Test time =   0.03 sec
----------------------------------------------------------
Test Passed.
"Options.MonteCarloConvergesNearBlackScholes" end time: Jul 19 22:14 CDT
"Options.MonteCarloConvergesNearBlackScholes" time elapsed: 00:00:00
----------------------------------------------------------

23/214 Testing: Execution.SchedulesConserveQuantity
23/214 Test: Execution.SchedulesConserveQuantity
Command: "/Users/namtran/minimatch/build-ci/minimatch_tests" "--gtest_filter=Execution.SchedulesConserveQuantity" "--gtest_also_run_disabled_tests"
Directory: /Users/namtran/minimatch/build-ci
"Execution.SchedulesConserveQuantity" start time: Jul 19 22:14 CDT
Output:
----------------------------------------------------------
Running main() from /Users/namtran/minimatch/build-ci/_deps/googletest-src/googletest/src/gtest_main.cc
Note: Google Test filter = Execution.SchedulesConserveQuantity
[==========] Running 1 test from 1 test suite.
[----------] Global test environment set-up.
[----------] 1 test from Execution
[ RUN      ] Execution.SchedulesConserveQuantity
[       OK ] Execution.SchedulesConserveQuantity (0 ms)
[----------] 1 test from Execution (0 ms total)

[----------] Global test environment tear-down
[==========] 1 test from 1 test suite ran. (0 ms total)
[  PASSED  ] 1 test.
<end of output>
Test time =   0.01 sec
----------------------------------------------------------
Test Passed.
"Execution.SchedulesConserveQuantity" end time: Jul 19 22:14 CDT
"Execution.SchedulesConserveQuantity" time elapsed: 00:00:00
----------------------------------------------------------

24/214 Testing: QueueModel.TradesConsumeAheadBeforeOwnOrder
24/214 Test: QueueModel.TradesConsumeAheadBeforeOwnOrder
Command: "/Users/namtran/minimatch/build-ci/minimatch_tests" "--gtest_filter=QueueModel.TradesConsumeAheadBeforeOwnOrder" "--gtest_also_run_disabled_tests"
Directory: /Users/namtran/minimatch/build-ci
"QueueModel.TradesConsumeAheadBeforeOwnOrder" start time: Jul 19 22:14 CDT
Output:
----------------------------------------------------------
Running main() from /Users/namtran/minimatch/build-ci/_deps/googletest-src/googletest/src/gtest_main.cc
Note: Google Test filter = QueueModel.TradesConsumeAheadBeforeOwnOrder
[==========] Running 1 test from 1 test suite.
[----------] Global test environment set-up.
[----------] 1 test from QueueModel
[ RUN      ] QueueModel.TradesConsumeAheadBeforeOwnOrder
[       OK ] QueueModel.TradesConsumeAheadBeforeOwnOrder (0 ms)
[----------] 1 test from QueueModel (0 ms total)

[----------] Global test environment tear-down
[==========] 1 test from 1 test suite ran. (0 ms total)
[  PASSED  ] 1 test.
<end of output>
Test time =   0.01 sec
----------------------------------------------------------
Test Passed.
"QueueModel.TradesConsumeAheadBeforeOwnOrder" end time: Jul 19 22:14 CDT
"QueueModel.TradesConsumeAheadBeforeOwnOrder" time elapsed: 00:00:00
----------------------------------------------------------

25/214 Testing: Pairs.RecoversSyntheticHedgeRatio
25/214 Test: Pairs.RecoversSyntheticHedgeRatio
Command: "/Users/namtran/minimatch/build-ci/minimatch_tests" "--gtest_filter=Pairs.RecoversSyntheticHedgeRatio" "--gtest_also_run_disabled_tests"
Directory: /Users/namtran/minimatch/build-ci
"Pairs.RecoversSyntheticHedgeRatio" start time: Jul 19 22:14 CDT
Output:
----------------------------------------------------------
Running main() from /Users/namtran/minimatch/build-ci/_deps/googletest-src/googletest/src/gtest_main.cc
Note: Google Test filter = Pairs.RecoversSyntheticHedgeRatio
[==========] Running 1 test from 1 test suite.
[----------] Global test environment set-up.
[----------] 1 test from Pairs
[ RUN      ] Pairs.RecoversSyntheticHedgeRatio
[       OK ] Pairs.RecoversSyntheticHedgeRatio (0 ms)
[----------] 1 test from Pairs (0 ms total)

[----------] Global test environment tear-down
[==========] 1 test from 1 test suite ran. (0 ms total)
[  PASSED  ] 1 test.
<end of output>
Test time =   0.01 sec
----------------------------------------------------------
Test Passed.
"Pairs.RecoversSyntheticHedgeRatio" end time: Jul 19 22:14 CDT
"Pairs.RecoversSyntheticHedgeRatio" time elapsed: 00:00:00
----------------------------------------------------------

26/214 Testing: SpscRing.PreservesFifoOrder
26/214 Test: SpscRing.PreservesFifoOrder
Command: "/Users/namtran/minimatch/build-ci/minimatch_tests" "--gtest_filter=SpscRing.PreservesFifoOrder" "--gtest_also_run_disabled_tests"
Directory: /Users/namtran/minimatch/build-ci
"SpscRing.PreservesFifoOrder" start time: Jul 19 22:14 CDT
Output:
----------------------------------------------------------
Running main() from /Users/namtran/minimatch/build-ci/_deps/googletest-src/googletest/src/gtest_main.cc
Note: Google Test filter = SpscRing.PreservesFifoOrder
[==========] Running 1 test from 1 test suite.
[----------] Global test environment set-up.
[----------] 1 test from SpscRing
[ RUN      ] SpscRing.PreservesFifoOrder
[       OK ] SpscRing.PreservesFifoOrder (0 ms)
[----------] 1 test from SpscRing (0 ms total)

[----------] Global test environment tear-down
[==========] 1 test from 1 test suite ran. (0 ms total)
[  PASSED  ] 1 test.
<end of output>
Test time =   0.01 sec
----------------------------------------------------------
Test Passed.
"SpscRing.PreservesFifoOrder" end time: Jul 19 22:14 CDT
"SpscRing.PreservesFifoOrder" time elapsed: 00:00:00
----------------------------------------------------------

27/214 Testing: Pipeline.ProcessesCommandsDeterministically
27/214 Test: Pipeline.ProcessesCommandsDeterministically
Command: "/Users/namtran/minimatch/build-ci/minimatch_tests" "--gtest_filter=Pipeline.ProcessesCommandsDeterministically" "--gtest_also_run_disabled_tests"
Directory: /Users/namtran/minimatch/build-ci
"Pipeline.ProcessesCommandsDeterministically" start time: Jul 19 22:14 CDT
Output:
----------------------------------------------------------
Running main() from /Users/namtran/minimatch/build-ci/_deps/googletest-src/googletest/src/gtest_main.cc
Note: Google Test filter = Pipeline.ProcessesCommandsDeterministically
[==========] Running 1 test from 1 test suite.
[----------] Global test environment set-up.
[----------] 1 test from Pipeline
[ RUN      ] Pipeline.ProcessesCommandsDeterministically
[       OK ] Pipeline.ProcessesCommandsDeterministically (3 ms)
[----------] 1 test from Pipeline (3 ms total)

[----------] Global test environment tear-down
[==========] 1 test from 1 test suite ran. (3 ms total)
[  PASSED  ] 1 test.
<end of output>
Test time =   0.01 sec
----------------------------------------------------------
Test Passed.
"Pipeline.ProcessesCommandsDeterministically" end time: Jul 19 22:14 CDT
"Pipeline.ProcessesCommandsDeterministically" time elapsed: 00:00:00
----------------------------------------------------------

28/214 Testing: SmartOrderRouter.BuyUsesLowestEffectiveAskFirst
28/214 Test: SmartOrderRouter.BuyUsesLowestEffectiveAskFirst
Command: "/Users/namtran/minimatch/build-ci/minimatch_tests" "--gtest_filter=SmartOrderRouter.BuyUsesLowestEffectiveAskFirst" "--gtest_also_run_disabled_tests"
Directory: /Users/namtran/minimatch/build-ci
"SmartOrderRouter.BuyUsesLowestEffectiveAskFirst" start time: Jul 19 22:14 CDT
Output:
----------------------------------------------------------
Running main() from /Users/namtran/minimatch/build-ci/_deps/googletest-src/googletest/src/gtest_main.cc
Note: Google Test filter = SmartOrderRouter.BuyUsesLowestEffectiveAskFirst
[==========] Running 1 test from 1 test suite.
[----------] Global test environment set-up.
[----------] 1 test from SmartOrderRouter
[ RUN      ] SmartOrderRouter.BuyUsesLowestEffectiveAskFirst
[       OK ] SmartOrderRouter.BuyUsesLowestEffectiveAskFirst (0 ms)
[----------] 1 test from SmartOrderRouter (0 ms total)

[----------] Global test environment tear-down
[==========] 1 test from 1 test suite ran. (0 ms total)
[  PASSED  ] 1 test.
<end of output>
Test time =   0.01 sec
----------------------------------------------------------
Test Passed.
"SmartOrderRouter.BuyUsesLowestEffectiveAskFirst" end time: Jul 19 22:14 CDT
"SmartOrderRouter.BuyUsesLowestEffectiveAskFirst" time elapsed: 00:00:00
----------------------------------------------------------

29/214 Testing: SmartOrderRouter.ConsumesMultipleLevels
29/214 Test: SmartOrderRouter.ConsumesMultipleLevels
Command: "/Users/namtran/minimatch/build-ci/minimatch_tests" "--gtest_filter=SmartOrderRouter.ConsumesMultipleLevels" "--gtest_also_run_disabled_tests"
Directory: /Users/namtran/minimatch/build-ci
"SmartOrderRouter.ConsumesMultipleLevels" start time: Jul 19 22:14 CDT
Output:
----------------------------------------------------------
Running main() from /Users/namtran/minimatch/build-ci/_deps/googletest-src/googletest/src/gtest_main.cc
Note: Google Test filter = SmartOrderRouter.ConsumesMultipleLevels
[==========] Running 1 test from 1 test suite.
[----------] Global test environment set-up.
[----------] 1 test from SmartOrderRouter
[ RUN      ] SmartOrderRouter.ConsumesMultipleLevels
[       OK ] SmartOrderRouter.ConsumesMultipleLevels (0 ms)
[----------] 1 test from SmartOrderRouter (0 ms total)

[----------] Global test environment tear-down
[==========] 1 test from 1 test suite ran. (0 ms total)
[  PASSED  ] 1 test.
<end of output>
Test time =   0.01 sec
----------------------------------------------------------
Test Passed.
"SmartOrderRouter.ConsumesMultipleLevels" end time: Jul 19 22:14 CDT
"SmartOrderRouter.ConsumesMultipleLevels" time elapsed: 00:00:00
----------------------------------------------------------

30/214 Testing: SmartOrderRouter.SplitsAcrossVenuesAndLevels
30/214 Test: SmartOrderRouter.SplitsAcrossVenuesAndLevels
Command: "/Users/namtran/minimatch/build-ci/minimatch_tests" "--gtest_filter=SmartOrderRouter.SplitsAcrossVenuesAndLevels" "--gtest_also_run_disabled_tests"
Directory: /Users/namtran/minimatch/build-ci
"SmartOrderRouter.SplitsAcrossVenuesAndLevels" start time: Jul 19 22:14 CDT
Output:
----------------------------------------------------------
Running main() from /Users/namtran/minimatch/build-ci/_deps/googletest-src/googletest/src/gtest_main.cc
Note: Google Test filter = SmartOrderRouter.SplitsAcrossVenuesAndLevels
[==========] Running 1 test from 1 test suite.
[----------] Global test environment set-up.
[----------] 1 test from SmartOrderRouter
[ RUN      ] SmartOrderRouter.SplitsAcrossVenuesAndLevels
[       OK ] SmartOrderRouter.SplitsAcrossVenuesAndLevels (0 ms)
[----------] 1 test from SmartOrderRouter (0 ms total)

[----------] Global test environment tear-down
[==========] 1 test from 1 test suite ran. (0 ms total)
[  PASSED  ] 1 test.
<end of output>
Test time =   0.01 sec
----------------------------------------------------------
Test Passed.
"SmartOrderRouter.SplitsAcrossVenuesAndLevels" end time: Jul 19 22:14 CDT
"SmartOrderRouter.SplitsAcrossVenuesAndLevels" time elapsed: 00:00:00
----------------------------------------------------------

31/214 Testing: SmartOrderRouter.SellUsesHighestBidLevelsFirst
31/214 Test: SmartOrderRouter.SellUsesHighestBidLevelsFirst
Command: "/Users/namtran/minimatch/build-ci/minimatch_tests" "--gtest_filter=SmartOrderRouter.SellUsesHighestBidLevelsFirst" "--gtest_also_run_disabled_tests"
Directory: /Users/namtran/minimatch/build-ci
"SmartOrderRouter.SellUsesHighestBidLevelsFirst" start time: Jul 19 22:14 CDT
Output:
----------------------------------------------------------
Running main() from /Users/namtran/minimatch/build-ci/_deps/googletest-src/googletest/src/gtest_main.cc
Note: Google Test filter = SmartOrderRouter.SellUsesHighestBidLevelsFirst
[==========] Running 1 test from 1 test suite.
[----------] Global test environment set-up.
[----------] 1 test from SmartOrderRouter
[ RUN      ] SmartOrderRouter.SellUsesHighestBidLevelsFirst
[       OK ] SmartOrderRouter.SellUsesHighestBidLevelsFirst (0 ms)
[----------] 1 test from SmartOrderRouter (0 ms total)

[----------] Global test environment tear-down
[==========] 1 test from 1 test suite ran. (0 ms total)
[  PASSED  ] 1 test.
<end of output>
Test time =   0.01 sec
----------------------------------------------------------
Test Passed.
"SmartOrderRouter.SellUsesHighestBidLevelsFirst" end time: Jul 19 22:14 CDT
"SmartOrderRouter.SellUsesHighestBidLevelsFirst" time elapsed: 00:00:00
----------------------------------------------------------

32/214 Testing: SmartOrderRouter.ReportsPartialDepthRoute
32/214 Test: SmartOrderRouter.ReportsPartialDepthRoute
Command: "/Users/namtran/minimatch/build-ci/minimatch_tests" "--gtest_filter=SmartOrderRouter.ReportsPartialDepthRoute" "--gtest_also_run_disabled_tests"
Directory: /Users/namtran/minimatch/build-ci
"SmartOrderRouter.ReportsPartialDepthRoute" start time: Jul 19 22:14 CDT
Output:
----------------------------------------------------------
Running main() from /Users/namtran/minimatch/build-ci/_deps/googletest-src/googletest/src/gtest_main.cc
Note: Google Test filter = SmartOrderRouter.ReportsPartialDepthRoute
[==========] Running 1 test from 1 test suite.
[----------] Global test environment set-up.
[----------] 1 test from SmartOrderRouter
[ RUN      ] SmartOrderRouter.ReportsPartialDepthRoute
[       OK ] SmartOrderRouter.ReportsPartialDepthRoute (0 ms)
[----------] 1 test from SmartOrderRouter (0 ms total)

[----------] Global test environment tear-down
[==========] 1 test from 1 test suite ran. (0 ms total)
[  PASSED  ] 1 test.
<end of output>
Test time =   0.01 sec
----------------------------------------------------------
Test Passed.
"SmartOrderRouter.ReportsPartialDepthRoute" end time: Jul 19 22:14 CDT
"SmartOrderRouter.ReportsPartialDepthRoute" time elapsed: 00:00:00
----------------------------------------------------------

33/214 Testing: SmartOrderRouter.IgnoresInvalidLevels
33/214 Test: SmartOrderRouter.IgnoresInvalidLevels
Command: "/Users/namtran/minimatch/build-ci/minimatch_tests" "--gtest_filter=SmartOrderRouter.IgnoresInvalidLevels" "--gtest_also_run_disabled_tests"
Directory: /Users/namtran/minimatch/build-ci
"SmartOrderRouter.IgnoresInvalidLevels" start time: Jul 19 22:14 CDT
Output:
----------------------------------------------------------
Running main() from /Users/namtran/minimatch/build-ci/_deps/googletest-src/googletest/src/gtest_main.cc
Note: Google Test filter = SmartOrderRouter.IgnoresInvalidLevels
[==========] Running 1 test from 1 test suite.
[----------] Global test environment set-up.
[----------] 1 test from SmartOrderRouter
[ RUN      ] SmartOrderRouter.IgnoresInvalidLevels
[       OK ] SmartOrderRouter.IgnoresInvalidLevels (0 ms)
[----------] 1 test from SmartOrderRouter (0 ms total)

[----------] Global test environment tear-down
[==========] 1 test from 1 test suite ran. (0 ms total)
[  PASSED  ] 1 test.
<end of output>
Test time =   0.01 sec
----------------------------------------------------------
Test Passed.
"SmartOrderRouter.IgnoresInvalidLevels" end time: Jul 19 22:14 CDT
"SmartOrderRouter.IgnoresInvalidLevels" time elapsed: 00:00:00
----------------------------------------------------------

34/214 Testing: SmartOrderRouter.LatencyPenaltyCanChangeVenue
34/214 Test: SmartOrderRouter.LatencyPenaltyCanChangeVenue
Command: "/Users/namtran/minimatch/build-ci/minimatch_tests" "--gtest_filter=SmartOrderRouter.LatencyPenaltyCanChangeVenue" "--gtest_also_run_disabled_tests"
Directory: /Users/namtran/minimatch/build-ci
"SmartOrderRouter.LatencyPenaltyCanChangeVenue" start time: Jul 19 22:14 CDT
Output:
----------------------------------------------------------
Running main() from /Users/namtran/minimatch/build-ci/_deps/googletest-src/googletest/src/gtest_main.cc
Note: Google Test filter = SmartOrderRouter.LatencyPenaltyCanChangeVenue
[==========] Running 1 test from 1 test suite.
[----------] Global test environment set-up.
[----------] 1 test from SmartOrderRouter
[ RUN      ] SmartOrderRouter.LatencyPenaltyCanChangeVenue
[       OK ] SmartOrderRouter.LatencyPenaltyCanChangeVenue (0 ms)
[----------] 1 test from SmartOrderRouter (0 ms total)

[----------] Global test environment tear-down
[==========] 1 test from 1 test suite ran. (0 ms total)
[  PASSED  ] 1 test.
<end of output>
Test time =   0.01 sec
----------------------------------------------------------
Test Passed.
"SmartOrderRouter.LatencyPenaltyCanChangeVenue" end time: Jul 19 22:14 CDT
"SmartOrderRouter.LatencyPenaltyCanChangeVenue" time elapsed: 00:00:00
----------------------------------------------------------

35/214 Testing: RouterConstraints.BuyLimitPriceStopsExpensiveLevels
35/214 Test: RouterConstraints.BuyLimitPriceStopsExpensiveLevels
Command: "/Users/namtran/minimatch/build-ci/minimatch_tests" "--gtest_filter=RouterConstraints.BuyLimitPriceStopsExpensiveLevels" "--gtest_also_run_disabled_tests"
Directory: /Users/namtran/minimatch/build-ci
"RouterConstraints.BuyLimitPriceStopsExpensiveLevels" start time: Jul 19 22:14 CDT
Output:
----------------------------------------------------------
Running main() from /Users/namtran/minimatch/build-ci/_deps/googletest-src/googletest/src/gtest_main.cc
Note: Google Test filter = RouterConstraints.BuyLimitPriceStopsExpensiveLevels
[==========] Running 1 test from 1 test suite.
[----------] Global test environment set-up.
[----------] 1 test from RouterConstraints
[ RUN      ] RouterConstraints.BuyLimitPriceStopsExpensiveLevels
[       OK ] RouterConstraints.BuyLimitPriceStopsExpensiveLevels (0 ms)
[----------] 1 test from RouterConstraints (0 ms total)

[----------] Global test environment tear-down
[==========] 1 test from 1 test suite ran. (0 ms total)
[  PASSED  ] 1 test.
<end of output>
Test time =   0.01 sec
----------------------------------------------------------
Test Passed.
"RouterConstraints.BuyLimitPriceStopsExpensiveLevels" end time: Jul 19 22:14 CDT
"RouterConstraints.BuyLimitPriceStopsExpensiveLevels" time elapsed: 00:00:00
----------------------------------------------------------

36/214 Testing: RouterConstraints.SellLimitPriceStopsCheapLevels
36/214 Test: RouterConstraints.SellLimitPriceStopsCheapLevels
Command: "/Users/namtran/minimatch/build-ci/minimatch_tests" "--gtest_filter=RouterConstraints.SellLimitPriceStopsCheapLevels" "--gtest_also_run_disabled_tests"
Directory: /Users/namtran/minimatch/build-ci
"RouterConstraints.SellLimitPriceStopsCheapLevels" start time: Jul 19 22:14 CDT
Output:
----------------------------------------------------------
Running main() from /Users/namtran/minimatch/build-ci/_deps/googletest-src/googletest/src/gtest_main.cc
Note: Google Test filter = RouterConstraints.SellLimitPriceStopsCheapLevels
[==========] Running 1 test from 1 test suite.
[----------] Global test environment set-up.
[----------] 1 test from RouterConstraints
[ RUN      ] RouterConstraints.SellLimitPriceStopsCheapLevels
[       OK ] RouterConstraints.SellLimitPriceStopsCheapLevels (0 ms)
[----------] 1 test from RouterConstraints (0 ms total)

[----------] Global test environment tear-down
[==========] 1 test from 1 test suite ran. (0 ms total)
[  PASSED  ] 1 test.
<end of output>
Test time =   0.01 sec
----------------------------------------------------------
Test Passed.
"RouterConstraints.SellLimitPriceStopsCheapLevels" end time: Jul 19 22:14 CDT
"RouterConstraints.SellLimitPriceStopsCheapLevels" time elapsed: 00:00:00
----------------------------------------------------------

37/214 Testing: RouterConstraints.MaximumVenueCountIsEnforced
37/214 Test: RouterConstraints.MaximumVenueCountIsEnforced
Command: "/Users/namtran/minimatch/build-ci/minimatch_tests" "--gtest_filter=RouterConstraints.MaximumVenueCountIsEnforced" "--gtest_also_run_disabled_tests"
Directory: /Users/namtran/minimatch/build-ci
"RouterConstraints.MaximumVenueCountIsEnforced" start time: Jul 19 22:14 CDT
Output:
----------------------------------------------------------
Running main() from /Users/namtran/minimatch/build-ci/_deps/googletest-src/googletest/src/gtest_main.cc
Note: Google Test filter = RouterConstraints.MaximumVenueCountIsEnforced
[==========] Running 1 test from 1 test suite.
[----------] Global test environment set-up.
[----------] 1 test from RouterConstraints
[ RUN      ] RouterConstraints.MaximumVenueCountIsEnforced
[       OK ] RouterConstraints.MaximumVenueCountIsEnforced (0 ms)
[----------] 1 test from RouterConstraints (0 ms total)

[----------] Global test environment tear-down
[==========] 1 test from 1 test suite ran. (0 ms total)
[  PASSED  ] 1 test.
<end of output>
Test time =   0.01 sec
----------------------------------------------------------
Test Passed.
"RouterConstraints.MaximumVenueCountIsEnforced" end time: Jul 19 22:14 CDT
"RouterConstraints.MaximumVenueCountIsEnforced" time elapsed: 00:00:00
----------------------------------------------------------

38/214 Testing: RouterConstraints.AllOrNoneClearsPartialRoute
38/214 Test: RouterConstraints.AllOrNoneClearsPartialRoute
Command: "/Users/namtran/minimatch/build-ci/minimatch_tests" "--gtest_filter=RouterConstraints.AllOrNoneClearsPartialRoute" "--gtest_also_run_disabled_tests"
Directory: /Users/namtran/minimatch/build-ci
"RouterConstraints.AllOrNoneClearsPartialRoute" start time: Jul 19 22:14 CDT
Output:
----------------------------------------------------------
Running main() from /Users/namtran/minimatch/build-ci/_deps/googletest-src/googletest/src/gtest_main.cc
Note: Google Test filter = RouterConstraints.AllOrNoneClearsPartialRoute
[==========] Running 1 test from 1 test suite.
[----------] Global test environment set-up.
[----------] 1 test from RouterConstraints
[ RUN      ] RouterConstraints.AllOrNoneClearsPartialRoute
[       OK ] RouterConstraints.AllOrNoneClearsPartialRoute (0 ms)
[----------] 1 test from RouterConstraints (0 ms total)

[----------] Global test environment tear-down
[==========] 1 test from 1 test suite ran. (0 ms total)
[  PASSED  ] 1 test.
<end of output>
Test time =   0.01 sec
----------------------------------------------------------
Test Passed.
"RouterConstraints.AllOrNoneClearsPartialRoute" end time: Jul 19 22:14 CDT
"RouterConstraints.AllOrNoneClearsPartialRoute" time elapsed: 00:00:00
----------------------------------------------------------

39/214 Testing: RouterConstraints.BuySlippageLimitStopsWorseLevels
39/214 Test: RouterConstraints.BuySlippageLimitStopsWorseLevels
Command: "/Users/namtran/minimatch/build-ci/minimatch_tests" "--gtest_filter=RouterConstraints.BuySlippageLimitStopsWorseLevels" "--gtest_also_run_disabled_tests"
Directory: /Users/namtran/minimatch/build-ci
"RouterConstraints.BuySlippageLimitStopsWorseLevels" start time: Jul 19 22:14 CDT
Output:
----------------------------------------------------------
Running main() from /Users/namtran/minimatch/build-ci/_deps/googletest-src/googletest/src/gtest_main.cc
Note: Google Test filter = RouterConstraints.BuySlippageLimitStopsWorseLevels
[==========] Running 1 test from 1 test suite.
[----------] Global test environment set-up.
[----------] 1 test from RouterConstraints
[ RUN      ] RouterConstraints.BuySlippageLimitStopsWorseLevels
[       OK ] RouterConstraints.BuySlippageLimitStopsWorseLevels (0 ms)
[----------] 1 test from RouterConstraints (0 ms total)

[----------] Global test environment tear-down
[==========] 1 test from 1 test suite ran. (0 ms total)
[  PASSED  ] 1 test.
<end of output>
Test time =   0.01 sec
----------------------------------------------------------
Test Passed.
"RouterConstraints.BuySlippageLimitStopsWorseLevels" end time: Jul 19 22:14 CDT
"RouterConstraints.BuySlippageLimitStopsWorseLevels" time elapsed: 00:00:00
----------------------------------------------------------

40/214 Testing: RouterConstraints.SellSlippageLimitStopsWorseLevels
40/214 Test: RouterConstraints.SellSlippageLimitStopsWorseLevels
Command: "/Users/namtran/minimatch/build-ci/minimatch_tests" "--gtest_filter=RouterConstraints.SellSlippageLimitStopsWorseLevels" "--gtest_also_run_disabled_tests"
Directory: /Users/namtran/minimatch/build-ci
"RouterConstraints.SellSlippageLimitStopsWorseLevels" start time: Jul 19 22:14 CDT
Output:
----------------------------------------------------------
Running main() from /Users/namtran/minimatch/build-ci/_deps/googletest-src/googletest/src/gtest_main.cc
Note: Google Test filter = RouterConstraints.SellSlippageLimitStopsWorseLevels
[==========] Running 1 test from 1 test suite.
[----------] Global test environment set-up.
[----------] 1 test from RouterConstraints
[ RUN      ] RouterConstraints.SellSlippageLimitStopsWorseLevels
[       OK ] RouterConstraints.SellSlippageLimitStopsWorseLevels (0 ms)
[----------] 1 test from RouterConstraints (0 ms total)

[----------] Global test environment tear-down
[==========] 1 test from 1 test suite ran. (0 ms total)
[  PASSED  ] 1 test.
<end of output>
Test time =   0.01 sec
----------------------------------------------------------
Test Passed.
"RouterConstraints.SellSlippageLimitStopsWorseLevels" end time: Jul 19 22:14 CDT
"RouterConstraints.SellSlippageLimitStopsWorseLevels" time elapsed: 00:00:00
----------------------------------------------------------

41/214 Testing: RouterConstraints.RejectsInvalidControls
41/214 Test: RouterConstraints.RejectsInvalidControls
Command: "/Users/namtran/minimatch/build-ci/minimatch_tests" "--gtest_filter=RouterConstraints.RejectsInvalidControls" "--gtest_also_run_disabled_tests"
Directory: /Users/namtran/minimatch/build-ci
"RouterConstraints.RejectsInvalidControls" start time: Jul 19 22:14 CDT
Output:
----------------------------------------------------------
Running main() from /Users/namtran/minimatch/build-ci/_deps/googletest-src/googletest/src/gtest_main.cc
Note: Google Test filter = RouterConstraints.RejectsInvalidControls
[==========] Running 1 test from 1 test suite.
[----------] Global test environment set-up.
[----------] 1 test from RouterConstraints
[ RUN      ] RouterConstraints.RejectsInvalidControls
[       OK ] RouterConstraints.RejectsInvalidControls (0 ms)
[----------] 1 test from RouterConstraints (0 ms total)

[----------] Global test environment tear-down
[==========] 1 test from 1 test suite ran. (0 ms total)
[  PASSED  ] 1 test.
<end of output>
Test time =   0.01 sec
----------------------------------------------------------
Test Passed.
"RouterConstraints.RejectsInvalidControls" end time: Jul 19 22:14 CDT
"RouterConstraints.RejectsInvalidControls" time elapsed: 00:00:00
----------------------------------------------------------

42/214 Testing: RouterMarketData.ConvertsBookToVenueQuotes
42/214 Test: RouterMarketData.ConvertsBookToVenueQuotes
Command: "/Users/namtran/minimatch/build-ci/minimatch_tests" "--gtest_filter=RouterMarketData.ConvertsBookToVenueQuotes" "--gtest_also_run_disabled_tests"
Directory: /Users/namtran/minimatch/build-ci
"RouterMarketData.ConvertsBookToVenueQuotes" start time: Jul 19 22:14 CDT
Output:
----------------------------------------------------------
Running main() from /Users/namtran/minimatch/build-ci/_deps/googletest-src/googletest/src/gtest_main.cc
Note: Google Test filter = RouterMarketData.ConvertsBookToVenueQuotes
[==========] Running 1 test from 1 test suite.
[----------] Global test environment set-up.
[----------] 1 test from RouterMarketData
[ RUN      ] RouterMarketData.ConvertsBookToVenueQuotes
[       OK ] RouterMarketData.ConvertsBookToVenueQuotes (0 ms)
[----------] 1 test from RouterMarketData (0 ms total)

[----------] Global test environment tear-down
[==========] 1 test from 1 test suite ran. (0 ms total)
[  PASSED  ] 1 test.
<end of output>
Test time =   0.01 sec
----------------------------------------------------------
Test Passed.
"RouterMarketData.ConvertsBookToVenueQuotes" end time: Jul 19 22:14 CDT
"RouterMarketData.ConvertsBookToVenueQuotes" time elapsed: 00:00:00
----------------------------------------------------------

43/214 Testing: RouterMarketData.RoutesUsingMarketData
43/214 Test: RouterMarketData.RoutesUsingMarketData
Command: "/Users/namtran/minimatch/build-ci/minimatch_tests" "--gtest_filter=RouterMarketData.RoutesUsingMarketData" "--gtest_also_run_disabled_tests"
Directory: /Users/namtran/minimatch/build-ci
"RouterMarketData.RoutesUsingMarketData" start time: Jul 19 22:14 CDT
Output:
----------------------------------------------------------
Running main() from /Users/namtran/minimatch/build-ci/_deps/googletest-src/googletest/src/gtest_main.cc
Note: Google Test filter = RouterMarketData.RoutesUsingMarketData
[==========] Running 1 test from 1 test suite.
[----------] Global test environment set-up.
[----------] 1 test from RouterMarketData
[ RUN      ] RouterMarketData.RoutesUsingMarketData
[       OK ] RouterMarketData.RoutesUsingMarketData (0 ms)
[----------] 1 test from RouterMarketData (0 ms total)

[----------] Global test environment tear-down
[==========] 1 test from 1 test suite ran. (0 ms total)
[  PASSED  ] 1 test.
<end of output>
Test time =   0.01 sec
----------------------------------------------------------
Test Passed.
"RouterMarketData.RoutesUsingMarketData" end time: Jul 19 22:14 CDT
"RouterMarketData.RoutesUsingMarketData" time elapsed: 00:00:00
----------------------------------------------------------

44/214 Testing: ExecutionAlgo.MarketUsesSingleImmediateSlice
44/214 Test: ExecutionAlgo.MarketUsesSingleImmediateSlice
Command: "/Users/namtran/minimatch/build-ci/minimatch_tests" "--gtest_filter=ExecutionAlgo.MarketUsesSingleImmediateSlice" "--gtest_also_run_disabled_tests"
Directory: /Users/namtran/minimatch/build-ci
"ExecutionAlgo.MarketUsesSingleImmediateSlice" start time: Jul 19 22:14 CDT
Output:
----------------------------------------------------------
Running main() from /Users/namtran/minimatch/build-ci/_deps/googletest-src/googletest/src/gtest_main.cc
Note: Google Test filter = ExecutionAlgo.MarketUsesSingleImmediateSlice
[==========] Running 1 test from 1 test suite.
[----------] Global test environment set-up.
[----------] 1 test from ExecutionAlgo
[ RUN      ] ExecutionAlgo.MarketUsesSingleImmediateSlice
[       OK ] ExecutionAlgo.MarketUsesSingleImmediateSlice (0 ms)
[----------] 1 test from ExecutionAlgo (0 ms total)

[----------] Global test environment tear-down
[==========] 1 test from 1 test suite ran. (0 ms total)
[  PASSED  ] 1 test.
<end of output>
Test time =   0.01 sec
----------------------------------------------------------
Test Passed.
"ExecutionAlgo.MarketUsesSingleImmediateSlice" end time: Jul 19 22:14 CDT
"ExecutionAlgo.MarketUsesSingleImmediateSlice" time elapsed: 00:00:00
----------------------------------------------------------

45/214 Testing: ExecutionAlgo.TWAPUsesEqualTimeSlices
45/214 Test: ExecutionAlgo.TWAPUsesEqualTimeSlices
Command: "/Users/namtran/minimatch/build-ci/minimatch_tests" "--gtest_filter=ExecutionAlgo.TWAPUsesEqualTimeSlices" "--gtest_also_run_disabled_tests"
Directory: /Users/namtran/minimatch/build-ci
"ExecutionAlgo.TWAPUsesEqualTimeSlices" start time: Jul 19 22:14 CDT
Output:
----------------------------------------------------------
Running main() from /Users/namtran/minimatch/build-ci/_deps/googletest-src/googletest/src/gtest_main.cc
Note: Google Test filter = ExecutionAlgo.TWAPUsesEqualTimeSlices
[==========] Running 1 test from 1 test suite.
[----------] Global test environment set-up.
[----------] 1 test from ExecutionAlgo
[ RUN      ] ExecutionAlgo.TWAPUsesEqualTimeSlices
[       OK ] ExecutionAlgo.TWAPUsesEqualTimeSlices (0 ms)
[----------] 1 test from ExecutionAlgo (0 ms total)

[----------] Global test environment tear-down
[==========] 1 test from 1 test suite ran. (0 ms total)
[  PASSED  ] 1 test.
<end of output>
Test time =   0.01 sec
----------------------------------------------------------
Test Passed.
"ExecutionAlgo.TWAPUsesEqualTimeSlices" end time: Jul 19 22:14 CDT
"ExecutionAlgo.TWAPUsesEqualTimeSlices" time elapsed: 00:00:00
----------------------------------------------------------

46/214 Testing: ExecutionAlgo.VWAPFollowsVolumeProfile
46/214 Test: ExecutionAlgo.VWAPFollowsVolumeProfile
Command: "/Users/namtran/minimatch/build-ci/minimatch_tests" "--gtest_filter=ExecutionAlgo.VWAPFollowsVolumeProfile" "--gtest_also_run_disabled_tests"
Directory: /Users/namtran/minimatch/build-ci
"ExecutionAlgo.VWAPFollowsVolumeProfile" start time: Jul 19 22:14 CDT
Output:
----------------------------------------------------------
Running main() from /Users/namtran/minimatch/build-ci/_deps/googletest-src/googletest/src/gtest_main.cc
Note: Google Test filter = ExecutionAlgo.VWAPFollowsVolumeProfile
[==========] Running 1 test from 1 test suite.
[----------] Global test environment set-up.
[----------] 1 test from ExecutionAlgo
[ RUN      ] ExecutionAlgo.VWAPFollowsVolumeProfile
[       OK ] ExecutionAlgo.VWAPFollowsVolumeProfile (0 ms)
[----------] 1 test from ExecutionAlgo (0 ms total)

[----------] Global test environment tear-down
[==========] 1 test from 1 test suite ran. (0 ms total)
[  PASSED  ] 1 test.
<end of output>
Test time =   0.01 sec
----------------------------------------------------------
Test Passed.
"ExecutionAlgo.VWAPFollowsVolumeProfile" end time: Jul 19 22:14 CDT
"ExecutionAlgo.VWAPFollowsVolumeProfile" time elapsed: 00:00:00
----------------------------------------------------------

47/214 Testing: ExecutionAlgo.POVRespectsParticipationRate
47/214 Test: ExecutionAlgo.POVRespectsParticipationRate
Command: "/Users/namtran/minimatch/build-ci/minimatch_tests" "--gtest_filter=ExecutionAlgo.POVRespectsParticipationRate" "--gtest_also_run_disabled_tests"
Directory: /Users/namtran/minimatch/build-ci
"ExecutionAlgo.POVRespectsParticipationRate" start time: Jul 19 22:14 CDT
Output:
----------------------------------------------------------
Running main() from /Users/namtran/minimatch/build-ci/_deps/googletest-src/googletest/src/gtest_main.cc
Note: Google Test filter = ExecutionAlgo.POVRespectsParticipationRate
[==========] Running 1 test from 1 test suite.
[----------] Global test environment set-up.
[----------] 1 test from ExecutionAlgo
[ RUN      ] ExecutionAlgo.POVRespectsParticipationRate
[       OK ] ExecutionAlgo.POVRespectsParticipationRate (0 ms)
[----------] 1 test from ExecutionAlgo (0 ms total)

[----------] Global test environment tear-down
[==========] 1 test from 1 test suite ran. (0 ms total)
[  PASSED  ] 1 test.
<end of output>
Test time =   0.01 sec
----------------------------------------------------------
Test Passed.
"ExecutionAlgo.POVRespectsParticipationRate" end time: Jul 19 22:14 CDT
"ExecutionAlgo.POVRespectsParticipationRate" time elapsed: 00:00:00
----------------------------------------------------------

48/214 Testing: ExecutionAlgo.POVStopsWhenParentQuantityIsFilled
48/214 Test: ExecutionAlgo.POVStopsWhenParentQuantityIsFilled
Command: "/Users/namtran/minimatch/build-ci/minimatch_tests" "--gtest_filter=ExecutionAlgo.POVStopsWhenParentQuantityIsFilled" "--gtest_also_run_disabled_tests"
Directory: /Users/namtran/minimatch/build-ci
"ExecutionAlgo.POVStopsWhenParentQuantityIsFilled" start time: Jul 19 22:14 CDT
Output:
----------------------------------------------------------
Running main() from /Users/namtran/minimatch/build-ci/_deps/googletest-src/googletest/src/gtest_main.cc
Note: Google Test filter = ExecutionAlgo.POVStopsWhenParentQuantityIsFilled
[==========] Running 1 test from 1 test suite.
[----------] Global test environment set-up.
[----------] 1 test from ExecutionAlgo
[ RUN      ] ExecutionAlgo.POVStopsWhenParentQuantityIsFilled
[       OK ] ExecutionAlgo.POVStopsWhenParentQuantityIsFilled (0 ms)
[----------] 1 test from ExecutionAlgo (0 ms total)

[----------] Global test environment tear-down
[==========] 1 test from 1 test suite ran. (0 ms total)
[  PASSED  ] 1 test.
<end of output>
Test time =   0.01 sec
----------------------------------------------------------
Test Passed.
"ExecutionAlgo.POVStopsWhenParentQuantityIsFilled" end time: Jul 19 22:14 CDT
"ExecutionAlgo.POVStopsWhenParentQuantityIsFilled" time elapsed: 00:00:00
----------------------------------------------------------

49/214 Testing: ExecutionAlgo.IcebergUsesDisplayedQuantity
49/214 Test: ExecutionAlgo.IcebergUsesDisplayedQuantity
Command: "/Users/namtran/minimatch/build-ci/minimatch_tests" "--gtest_filter=ExecutionAlgo.IcebergUsesDisplayedQuantity" "--gtest_also_run_disabled_tests"
Directory: /Users/namtran/minimatch/build-ci
"ExecutionAlgo.IcebergUsesDisplayedQuantity" start time: Jul 19 22:14 CDT
Output:
----------------------------------------------------------
Running main() from /Users/namtran/minimatch/build-ci/_deps/googletest-src/googletest/src/gtest_main.cc
Note: Google Test filter = ExecutionAlgo.IcebergUsesDisplayedQuantity
[==========] Running 1 test from 1 test suite.
[----------] Global test environment set-up.
[----------] 1 test from ExecutionAlgo
[ RUN      ] ExecutionAlgo.IcebergUsesDisplayedQuantity
[       OK ] ExecutionAlgo.IcebergUsesDisplayedQuantity (0 ms)
[----------] 1 test from ExecutionAlgo (0 ms total)

[----------] Global test environment tear-down
[==========] 1 test from 1 test suite ran. (0 ms total)
[  PASSED  ] 1 test.
<end of output>
Test time =   0.01 sec
----------------------------------------------------------
Test Passed.
"ExecutionAlgo.IcebergUsesDisplayedQuantity" end time: Jul 19 22:14 CDT
"ExecutionAlgo.IcebergUsesDisplayedQuantity" time elapsed: 00:00:00
----------------------------------------------------------

50/214 Testing: ExecutionAlgo.BackwardCompatibleTWAPOverload
50/214 Test: ExecutionAlgo.BackwardCompatibleTWAPOverload
Command: "/Users/namtran/minimatch/build-ci/minimatch_tests" "--gtest_filter=ExecutionAlgo.BackwardCompatibleTWAPOverload" "--gtest_also_run_disabled_tests"
Directory: /Users/namtran/minimatch/build-ci
"ExecutionAlgo.BackwardCompatibleTWAPOverload" start time: Jul 19 22:14 CDT
Output:
----------------------------------------------------------
Running main() from /Users/namtran/minimatch/build-ci/_deps/googletest-src/googletest/src/gtest_main.cc
Note: Google Test filter = ExecutionAlgo.BackwardCompatibleTWAPOverload
[==========] Running 1 test from 1 test suite.
[----------] Global test environment set-up.
[----------] 1 test from ExecutionAlgo
[ RUN      ] ExecutionAlgo.BackwardCompatibleTWAPOverload
[       OK ] ExecutionAlgo.BackwardCompatibleTWAPOverload (0 ms)
[----------] 1 test from ExecutionAlgo (0 ms total)

[----------] Global test environment tear-down
[==========] 1 test from 1 test suite ran. (0 ms total)
[  PASSED  ] 1 test.
<end of output>
Test time =   0.01 sec
----------------------------------------------------------
Test Passed.
"ExecutionAlgo.BackwardCompatibleTWAPOverload" end time: Jul 19 22:14 CDT
"ExecutionAlgo.BackwardCompatibleTWAPOverload" time elapsed: 00:00:00
----------------------------------------------------------

51/214 Testing: ExecutionAlgo.RejectsInvalidCommonSettings
51/214 Test: ExecutionAlgo.RejectsInvalidCommonSettings
Command: "/Users/namtran/minimatch/build-ci/minimatch_tests" "--gtest_filter=ExecutionAlgo.RejectsInvalidCommonSettings" "--gtest_also_run_disabled_tests"
Directory: /Users/namtran/minimatch/build-ci
"ExecutionAlgo.RejectsInvalidCommonSettings" start time: Jul 19 22:14 CDT
Output:
----------------------------------------------------------
Running main() from /Users/namtran/minimatch/build-ci/_deps/googletest-src/googletest/src/gtest_main.cc
Note: Google Test filter = ExecutionAlgo.RejectsInvalidCommonSettings
[==========] Running 1 test from 1 test suite.
[----------] Global test environment set-up.
[----------] 1 test from ExecutionAlgo
[ RUN      ] ExecutionAlgo.RejectsInvalidCommonSettings
[       OK ] ExecutionAlgo.RejectsInvalidCommonSettings (0 ms)
[----------] 1 test from ExecutionAlgo (0 ms total)

[----------] Global test environment tear-down
[==========] 1 test from 1 test suite ran. (0 ms total)
[  PASSED  ] 1 test.
<end of output>
Test time =   0.01 sec
----------------------------------------------------------
Test Passed.
"ExecutionAlgo.RejectsInvalidCommonSettings" end time: Jul 19 22:14 CDT
"ExecutionAlgo.RejectsInvalidCommonSettings" time elapsed: 00:00:00
----------------------------------------------------------

52/214 Testing: ExecutionAlgo.RejectsInvalidAlgorithmSettings
52/214 Test: ExecutionAlgo.RejectsInvalidAlgorithmSettings
Command: "/Users/namtran/minimatch/build-ci/minimatch_tests" "--gtest_filter=ExecutionAlgo.RejectsInvalidAlgorithmSettings" "--gtest_also_run_disabled_tests"
Directory: /Users/namtran/minimatch/build-ci
"ExecutionAlgo.RejectsInvalidAlgorithmSettings" start time: Jul 19 22:14 CDT
Output:
----------------------------------------------------------
Running main() from /Users/namtran/minimatch/build-ci/_deps/googletest-src/googletest/src/gtest_main.cc
Note: Google Test filter = ExecutionAlgo.RejectsInvalidAlgorithmSettings
[==========] Running 1 test from 1 test suite.
[----------] Global test environment set-up.
[----------] 1 test from ExecutionAlgo
[ RUN      ] ExecutionAlgo.RejectsInvalidAlgorithmSettings
[       OK ] ExecutionAlgo.RejectsInvalidAlgorithmSettings (0 ms)
[----------] 1 test from ExecutionAlgo (0 ms total)

[----------] Global test environment tear-down
[==========] 1 test from 1 test suite ran. (0 ms total)
[  PASSED  ] 1 test.
<end of output>
Test time =   0.01 sec
----------------------------------------------------------
Test Passed.
"ExecutionAlgo.RejectsInvalidAlgorithmSettings" end time: Jul 19 22:14 CDT
"ExecutionAlgo.RejectsInvalidAlgorithmSettings" time elapsed: 00:00:00
----------------------------------------------------------

53/214 Testing: ExecutionReplay.BuildsDeterministicTimeline
53/214 Test: ExecutionReplay.BuildsDeterministicTimeline
Command: "/Users/namtran/minimatch/build-ci/minimatch_tests" "--gtest_filter=ExecutionReplay.BuildsDeterministicTimeline" "--gtest_also_run_disabled_tests"
Directory: /Users/namtran/minimatch/build-ci
"ExecutionReplay.BuildsDeterministicTimeline" start time: Jul 19 22:14 CDT
Output:
----------------------------------------------------------
Running main() from /Users/namtran/minimatch/build-ci/_deps/googletest-src/googletest/src/gtest_main.cc
Note: Google Test filter = ExecutionReplay.BuildsDeterministicTimeline
[==========] Running 1 test from 1 test suite.
[----------] Global test environment set-up.
[----------] 1 test from ExecutionReplay
[ RUN      ] ExecutionReplay.BuildsDeterministicTimeline
[       OK ] ExecutionReplay.BuildsDeterministicTimeline (0 ms)
[----------] 1 test from ExecutionReplay (0 ms total)

[----------] Global test environment tear-down
[==========] 1 test from 1 test suite ran. (0 ms total)
[  PASSED  ] 1 test.
<end of output>
Test time =   0.01 sec
----------------------------------------------------------
Test Passed.
"ExecutionReplay.BuildsDeterministicTimeline" end time: Jul 19 22:14 CDT
"ExecutionReplay.BuildsDeterministicTimeline" time elapsed: 00:00:00
----------------------------------------------------------

54/214 Testing: ExecutionReplay.PreservesChildOrder
54/214 Test: ExecutionReplay.PreservesChildOrder
Command: "/Users/namtran/minimatch/build-ci/minimatch_tests" "--gtest_filter=ExecutionReplay.PreservesChildOrder" "--gtest_also_run_disabled_tests"
Directory: /Users/namtran/minimatch/build-ci
"ExecutionReplay.PreservesChildOrder" start time: Jul 19 22:14 CDT
Output:
----------------------------------------------------------
Running main() from /Users/namtran/minimatch/build-ci/_deps/googletest-src/googletest/src/gtest_main.cc
Note: Google Test filter = ExecutionReplay.PreservesChildOrder
[==========] Running 1 test from 1 test suite.
[----------] Global test environment set-up.
[----------] 1 test from ExecutionReplay
[ RUN      ] ExecutionReplay.PreservesChildOrder
[       OK ] ExecutionReplay.PreservesChildOrder (0 ms)
[----------] 1 test from ExecutionReplay (0 ms total)

[----------] Global test environment tear-down
[==========] 1 test from 1 test suite ran. (0 ms total)
[  PASSED  ] 1 test.
<end of output>
Test time =   0.01 sec
----------------------------------------------------------
Test Passed.
"ExecutionReplay.PreservesChildOrder" end time: Jul 19 22:14 CDT
"ExecutionReplay.PreservesChildOrder" time elapsed: 00:00:00
----------------------------------------------------------

55/214 Testing: ExecutionReplay.AccumulatesLatency
55/214 Test: ExecutionReplay.AccumulatesLatency
Command: "/Users/namtran/minimatch/build-ci/minimatch_tests" "--gtest_filter=ExecutionReplay.AccumulatesLatency" "--gtest_also_run_disabled_tests"
Directory: /Users/namtran/minimatch/build-ci
"ExecutionReplay.AccumulatesLatency" start time: Jul 19 22:14 CDT
Output:
----------------------------------------------------------
Running main() from /Users/namtran/minimatch/build-ci/_deps/googletest-src/googletest/src/gtest_main.cc
Note: Google Test filter = ExecutionReplay.AccumulatesLatency
[==========] Running 1 test from 1 test suite.
[----------] Global test environment set-up.
[----------] 1 test from ExecutionReplay
[ RUN      ] ExecutionReplay.AccumulatesLatency
[       OK ] ExecutionReplay.AccumulatesLatency (0 ms)
[----------] 1 test from ExecutionReplay (0 ms total)

[----------] Global test environment tear-down
[==========] 1 test from 1 test suite ran. (0 ms total)
[  PASSED  ] 1 test.
<end of output>
Test time =   0.01 sec
----------------------------------------------------------
Test Passed.
"ExecutionReplay.AccumulatesLatency" end time: Jul 19 22:14 CDT
"ExecutionReplay.AccumulatesLatency" time elapsed: 00:00:00
----------------------------------------------------------

56/214 Testing: ExecutionReplay.RepresentsRejectedChild
56/214 Test: ExecutionReplay.RepresentsRejectedChild
Command: "/Users/namtran/minimatch/build-ci/minimatch_tests" "--gtest_filter=ExecutionReplay.RepresentsRejectedChild" "--gtest_also_run_disabled_tests"
Directory: /Users/namtran/minimatch/build-ci
"ExecutionReplay.RepresentsRejectedChild" start time: Jul 19 22:14 CDT
Output:
----------------------------------------------------------
Running main() from /Users/namtran/minimatch/build-ci/_deps/googletest-src/googletest/src/gtest_main.cc
Note: Google Test filter = ExecutionReplay.RepresentsRejectedChild
[==========] Running 1 test from 1 test suite.
[----------] Global test environment set-up.
[----------] 1 test from ExecutionReplay
[ RUN      ] ExecutionReplay.RepresentsRejectedChild
[       OK ] ExecutionReplay.RepresentsRejectedChild (0 ms)
[----------] 1 test from ExecutionReplay (0 ms total)

[----------] Global test environment tear-down
[==========] 1 test from 1 test suite ran. (0 ms total)
[  PASSED  ] 1 test.
<end of output>
Test time =   0.01 sec
----------------------------------------------------------
Test Passed.
"ExecutionReplay.RepresentsRejectedChild" end time: Jul 19 22:14 CDT
"ExecutionReplay.RepresentsRejectedChild" time elapsed: 00:00:00
----------------------------------------------------------

57/214 Testing: ExecutionReplay.RepresentsPartialFill
57/214 Test: ExecutionReplay.RepresentsPartialFill
Command: "/Users/namtran/minimatch/build-ci/minimatch_tests" "--gtest_filter=ExecutionReplay.RepresentsPartialFill" "--gtest_also_run_disabled_tests"
Directory: /Users/namtran/minimatch/build-ci
"ExecutionReplay.RepresentsPartialFill" start time: Jul 19 22:14 CDT
Output:
----------------------------------------------------------
Running main() from /Users/namtran/minimatch/build-ci/_deps/googletest-src/googletest/src/gtest_main.cc
Note: Google Test filter = ExecutionReplay.RepresentsPartialFill
[==========] Running 1 test from 1 test suite.
[----------] Global test environment set-up.
[----------] 1 test from ExecutionReplay
[ RUN      ] ExecutionReplay.RepresentsPartialFill
[       OK ] ExecutionReplay.RepresentsPartialFill (0 ms)
[----------] 1 test from ExecutionReplay (0 ms total)

[----------] Global test environment tear-down
[==========] 1 test from 1 test suite ran. (0 ms total)
[  PASSED  ] 1 test.
<end of output>
Test time =   0.01 sec
----------------------------------------------------------
Test Passed.
"ExecutionReplay.RepresentsPartialFill" end time: Jul 19 22:14 CDT
"ExecutionReplay.RepresentsPartialFill" time elapsed: 00:00:00
----------------------------------------------------------

58/214 Testing: ExecutionReplay.EmptyChildrenStillProducesParentEvents
58/214 Test: ExecutionReplay.EmptyChildrenStillProducesParentEvents
Command: "/Users/namtran/minimatch/build-ci/minimatch_tests" "--gtest_filter=ExecutionReplay.EmptyChildrenStillProducesParentEvents" "--gtest_also_run_disabled_tests"
Directory: /Users/namtran/minimatch/build-ci
"ExecutionReplay.EmptyChildrenStillProducesParentEvents" start time: Jul 19 22:14 CDT
Output:
----------------------------------------------------------
Running main() from /Users/namtran/minimatch/build-ci/_deps/googletest-src/googletest/src/gtest_main.cc
Note: Google Test filter = ExecutionReplay.EmptyChildrenStillProducesParentEvents
[==========] Running 1 test from 1 test suite.
[----------] Global test environment set-up.
[----------] 1 test from ExecutionReplay
[ RUN      ] ExecutionReplay.EmptyChildrenStillProducesParentEvents
[       OK ] ExecutionReplay.EmptyChildrenStillProducesParentEvents (0 ms)
[----------] 1 test from ExecutionReplay (0 ms total)

[----------] Global test environment tear-down
[==========] 1 test from 1 test suite ran. (0 ms total)
[  PASSED  ] 1 test.
<end of output>
Test time =   0.01 sec
----------------------------------------------------------
Test Passed.
"ExecutionReplay.EmptyChildrenStillProducesParentEvents" end time: Jul 19 22:14 CDT
"ExecutionReplay.EmptyChildrenStillProducesParentEvents" time elapsed: 00:00:00
----------------------------------------------------------

59/214 Testing: MarketReplay.SortsEventsByTimestamp
59/214 Test: MarketReplay.SortsEventsByTimestamp
Command: "/Users/namtran/minimatch/build-ci/minimatch_tests" "--gtest_filter=MarketReplay.SortsEventsByTimestamp" "--gtest_also_run_disabled_tests"
Directory: /Users/namtran/minimatch/build-ci
"MarketReplay.SortsEventsByTimestamp" start time: Jul 19 22:14 CDT
Output:
----------------------------------------------------------
Running main() from /Users/namtran/minimatch/build-ci/_deps/googletest-src/googletest/src/gtest_main.cc
Note: Google Test filter = MarketReplay.SortsEventsByTimestamp
[==========] Running 1 test from 1 test suite.
[----------] Global test environment set-up.
[----------] 1 test from MarketReplay
[ RUN      ] MarketReplay.SortsEventsByTimestamp
[       OK ] MarketReplay.SortsEventsByTimestamp (0 ms)
[----------] 1 test from MarketReplay (0 ms total)

[----------] Global test environment tear-down
[==========] 1 test from 1 test suite ran. (0 ms total)
[  PASSED  ] 1 test.
<end of output>
Test time =   0.01 sec
----------------------------------------------------------
Test Passed.
"MarketReplay.SortsEventsByTimestamp" end time: Jul 19 22:14 CDT
"MarketReplay.SortsEventsByTimestamp" time elapsed: 00:00:00
----------------------------------------------------------

60/214 Testing: MarketReplay.IteratesDeterministically
60/214 Test: MarketReplay.IteratesDeterministically
Command: "/Users/namtran/minimatch/build-ci/minimatch_tests" "--gtest_filter=MarketReplay.IteratesDeterministically" "--gtest_also_run_disabled_tests"
Directory: /Users/namtran/minimatch/build-ci
[...]
"ExecutionRisk.RejectsChildQuantityLimit" start time: Jul 19 22:14 CDT
Output:
----------------------------------------------------------
Running main() from /Users/namtran/minimatch/build-ci/_deps/googletest-src/googletest/src/gtest_main.cc
Note: Google Test filter = ExecutionRisk.RejectsChildQuantityLimit
[==========] Running 1 test from 1 test suite.
[----------] Global test environment set-up.
[----------] 1 test from ExecutionRisk
[ RUN      ] ExecutionRisk.RejectsChildQuantityLimit
[       OK ] ExecutionRisk.RejectsChildQuantityLimit (0 ms)
[----------] 1 test from ExecutionRisk (0 ms total)

[----------] Global test environment tear-down
[==========] 1 test from 1 test suite ran. (0 ms total)
[  PASSED  ] 1 test.
<end of output>
Test time =   0.01 sec
----------------------------------------------------------
Test Passed.
"ExecutionRisk.RejectsChildQuantityLimit" end time: Jul 19 22:14 CDT
"ExecutionRisk.RejectsChildQuantityLimit" time elapsed: 00:00:00
----------------------------------------------------------

201/214 Testing: ExecutionRisk.RejectsNotionalLimit
201/214 Test: ExecutionRisk.RejectsNotionalLimit
Command: "/Users/namtran/minimatch/build-ci/minimatch_tests" "--gtest_filter=ExecutionRisk.RejectsNotionalLimit" "--gtest_also_run_disabled_tests"
Directory: /Users/namtran/minimatch/build-ci
"ExecutionRisk.RejectsNotionalLimit" start time: Jul 19 22:14 CDT
Output:
----------------------------------------------------------
Running main() from /Users/namtran/minimatch/build-ci/_deps/googletest-src/googletest/src/gtest_main.cc
Note: Google Test filter = ExecutionRisk.RejectsNotionalLimit
[==========] Running 1 test from 1 test suite.
[----------] Global test environment set-up.
[----------] 1 test from ExecutionRisk
[ RUN      ] ExecutionRisk.RejectsNotionalLimit
[       OK ] ExecutionRisk.RejectsNotionalLimit (0 ms)
[----------] 1 test from ExecutionRisk (0 ms total)

[----------] Global test environment tear-down
[==========] 1 test from 1 test suite ran. (0 ms total)
[  PASSED  ] 1 test.
<end of output>
Test time =   0.01 sec
----------------------------------------------------------
Test Passed.
"ExecutionRisk.RejectsNotionalLimit" end time: Jul 19 22:14 CDT
"ExecutionRisk.RejectsNotionalLimit" time elapsed: 00:00:00
----------------------------------------------------------

202/214 Testing: ExecutionRisk.RejectsParticipationLimit
202/214 Test: ExecutionRisk.RejectsParticipationLimit
Command: "/Users/namtran/minimatch/build-ci/minimatch_tests" "--gtest_filter=ExecutionRisk.RejectsParticipationLimit" "--gtest_also_run_disabled_tests"
Directory: /Users/namtran/minimatch/build-ci
"ExecutionRisk.RejectsParticipationLimit" start time: Jul 19 22:14 CDT
Output:
----------------------------------------------------------
Running main() from /Users/namtran/minimatch/build-ci/_deps/googletest-src/googletest/src/gtest_main.cc
Note: Google Test filter = ExecutionRisk.RejectsParticipationLimit
[==========] Running 1 test from 1 test suite.
[----------] Global test environment set-up.
[----------] 1 test from ExecutionRisk
[ RUN      ] ExecutionRisk.RejectsParticipationLimit
[       OK ] ExecutionRisk.RejectsParticipationLimit (0 ms)
[----------] 1 test from ExecutionRisk (0 ms total)

[----------] Global test environment tear-down
[==========] 1 test from 1 test suite ran. (0 ms total)
[  PASSED  ] 1 test.
<end of output>
Test time =   0.01 sec
----------------------------------------------------------
Test Passed.
"ExecutionRisk.RejectsParticipationLimit" end time: Jul 19 22:14 CDT
"ExecutionRisk.RejectsParticipationLimit" time elapsed: 00:00:00
----------------------------------------------------------

203/214 Testing: ExecutionRisk.RejectsBuyAbovePriceCollar
203/214 Test: ExecutionRisk.RejectsBuyAbovePriceCollar
Command: "/Users/namtran/minimatch/build-ci/minimatch_tests" "--gtest_filter=ExecutionRisk.RejectsBuyAbovePriceCollar" "--gtest_also_run_disabled_tests"
Directory: /Users/namtran/minimatch/build-ci
"ExecutionRisk.RejectsBuyAbovePriceCollar" start time: Jul 19 22:14 CDT
Output:
----------------------------------------------------------
Running main() from /Users/namtran/minimatch/build-ci/_deps/googletest-src/googletest/src/gtest_main.cc
Note: Google Test filter = ExecutionRisk.RejectsBuyAbovePriceCollar
[==========] Running 1 test from 1 test suite.
[----------] Global test environment set-up.
[----------] 1 test from ExecutionRisk
[ RUN      ] ExecutionRisk.RejectsBuyAbovePriceCollar
[       OK ] ExecutionRisk.RejectsBuyAbovePriceCollar (0 ms)
[----------] 1 test from ExecutionRisk (0 ms total)

[----------] Global test environment tear-down
[==========] 1 test from 1 test suite ran. (0 ms total)
[  PASSED  ] 1 test.
<end of output>
Test time =   0.01 sec
----------------------------------------------------------
Test Passed.
"ExecutionRisk.RejectsBuyAbovePriceCollar" end time: Jul 19 22:14 CDT
"ExecutionRisk.RejectsBuyAbovePriceCollar" time elapsed: 00:00:00
----------------------------------------------------------

204/214 Testing: ExecutionRisk.RejectsSellBelowPriceCollar
204/214 Test: ExecutionRisk.RejectsSellBelowPriceCollar
Command: "/Users/namtran/minimatch/build-ci/minimatch_tests" "--gtest_filter=ExecutionRisk.RejectsSellBelowPriceCollar" "--gtest_also_run_disabled_tests"
Directory: /Users/namtran/minimatch/build-ci
"ExecutionRisk.RejectsSellBelowPriceCollar" start time: Jul 19 22:14 CDT
Output:
----------------------------------------------------------
Running main() from /Users/namtran/minimatch/build-ci/_deps/googletest-src/googletest/src/gtest_main.cc
Note: Google Test filter = ExecutionRisk.RejectsSellBelowPriceCollar
[==========] Running 1 test from 1 test suite.
[----------] Global test environment set-up.
[----------] 1 test from ExecutionRisk
[ RUN      ] ExecutionRisk.RejectsSellBelowPriceCollar
[       OK ] ExecutionRisk.RejectsSellBelowPriceCollar (0 ms)
[----------] 1 test from ExecutionRisk (0 ms total)

[----------] Global test environment tear-down
[==========] 1 test from 1 test suite ran. (0 ms total)
[  PASSED  ] 1 test.
<end of output>
Test time =   0.01 sec
----------------------------------------------------------
Test Passed.
"ExecutionRisk.RejectsSellBelowPriceCollar" end time: Jul 19 22:14 CDT
"ExecutionRisk.RejectsSellBelowPriceCollar" time elapsed: 00:00:00
----------------------------------------------------------

205/214 Testing: ExecutionRisk.AllowsFavorablePriceMovement
205/214 Test: ExecutionRisk.AllowsFavorablePriceMovement
Command: "/Users/namtran/minimatch/build-ci/minimatch_tests" "--gtest_filter=ExecutionRisk.AllowsFavorablePriceMovement" "--gtest_also_run_disabled_tests"
Directory: /Users/namtran/minimatch/build-ci
"ExecutionRisk.AllowsFavorablePriceMovement" start time: Jul 19 22:14 CDT
Output:
----------------------------------------------------------
Running main() from /Users/namtran/minimatch/build-ci/_deps/googletest-src/googletest/src/gtest_main.cc
Note: Google Test filter = ExecutionRisk.AllowsFavorablePriceMovement
[==========] Running 1 test from 1 test suite.
[----------] Global test environment set-up.
[----------] 1 test from ExecutionRisk
[ RUN      ] ExecutionRisk.AllowsFavorablePriceMovement
[       OK ] ExecutionRisk.AllowsFavorablePriceMovement (0 ms)
[----------] 1 test from ExecutionRisk (0 ms total)

[----------] Global test environment tear-down
[==========] 1 test from 1 test suite ran. (0 ms total)
[  PASSED  ] 1 test.
<end of output>
Test time =   0.01 sec
----------------------------------------------------------
Test Passed.
"ExecutionRisk.AllowsFavorablePriceMovement" end time: Jul 19 22:14 CDT
"ExecutionRisk.AllowsFavorablePriceMovement" time elapsed: 00:00:00
----------------------------------------------------------

206/214 Testing: ExecutionRisk.RejectsInvalidConfiguration
206/214 Test: ExecutionRisk.RejectsInvalidConfiguration
Command: "/Users/namtran/minimatch/build-ci/minimatch_tests" "--gtest_filter=ExecutionRisk.RejectsInvalidConfiguration" "--gtest_also_run_disabled_tests"
Directory: /Users/namtran/minimatch/build-ci
"ExecutionRisk.RejectsInvalidConfiguration" start time: Jul 19 22:14 CDT
Output:
----------------------------------------------------------
Running main() from /Users/namtran/minimatch/build-ci/_deps/googletest-src/googletest/src/gtest_main.cc
Note: Google Test filter = ExecutionRisk.RejectsInvalidConfiguration
[==========] Running 1 test from 1 test suite.
[----------] Global test environment set-up.
[----------] 1 test from ExecutionRisk
[ RUN      ] ExecutionRisk.RejectsInvalidConfiguration
[       OK ] ExecutionRisk.RejectsInvalidConfiguration (0 ms)
[----------] 1 test from ExecutionRisk (0 ms total)

[----------] Global test environment tear-down
[==========] 1 test from 1 test suite ran. (0 ms total)
[  PASSED  ] 1 test.
<end of output>
Test time =   0.01 sec
----------------------------------------------------------
Test Passed.
"ExecutionRisk.RejectsInvalidConfiguration" end time: Jul 19 22:14 CDT
"ExecutionRisk.RejectsInvalidConfiguration" time elapsed: 00:00:00
----------------------------------------------------------

207/214 Testing: ExecutionRisk.RejectsInvalidOrderValues
207/214 Test: ExecutionRisk.RejectsInvalidOrderValues
Command: "/Users/namtran/minimatch/build-ci/minimatch_tests" "--gtest_filter=ExecutionRisk.RejectsInvalidOrderValues" "--gtest_also_run_disabled_tests"
Directory: /Users/namtran/minimatch/build-ci
"ExecutionRisk.RejectsInvalidOrderValues" start time: Jul 19 22:14 CDT
Output:
----------------------------------------------------------
Running main() from /Users/namtran/minimatch/build-ci/_deps/googletest-src/googletest/src/gtest_main.cc
Note: Google Test filter = ExecutionRisk.RejectsInvalidOrderValues
[==========] Running 1 test from 1 test suite.
[----------] Global test environment set-up.
[----------] 1 test from ExecutionRisk
[ RUN      ] ExecutionRisk.RejectsInvalidOrderValues
[       OK ] ExecutionRisk.RejectsInvalidOrderValues (0 ms)
[----------] 1 test from ExecutionRisk (0 ms total)

[----------] Global test environment tear-down
[==========] 1 test from 1 test suite ran. (0 ms total)
[  PASSED  ] 1 test.
<end of output>
Test time =   0.01 sec
----------------------------------------------------------
Test Passed.
"ExecutionRisk.RejectsInvalidOrderValues" end time: Jul 19 22:14 CDT
"ExecutionRisk.RejectsInvalidOrderValues" time elapsed: 00:00:00
----------------------------------------------------------

208/214 Testing: ExecutionRisk.ZeroParticipationLimitDisablesCheck
208/214 Test: ExecutionRisk.ZeroParticipationLimitDisablesCheck
Command: "/Users/namtran/minimatch/build-ci/minimatch_tests" "--gtest_filter=ExecutionRisk.ZeroParticipationLimitDisablesCheck" "--gtest_also_run_disabled_tests"
Directory: /Users/namtran/minimatch/build-ci
"ExecutionRisk.ZeroParticipationLimitDisablesCheck" start time: Jul 19 22:14 CDT
Output:
----------------------------------------------------------
Running main() from /Users/namtran/minimatch/build-ci/_deps/googletest-src/googletest/src/gtest_main.cc
Note: Google Test filter = ExecutionRisk.ZeroParticipationLimitDisablesCheck
[==========] Running 1 test from 1 test suite.
[----------] Global test environment set-up.
[----------] 1 test from ExecutionRisk
[ RUN      ] ExecutionRisk.ZeroParticipationLimitDisablesCheck
[       OK ] ExecutionRisk.ZeroParticipationLimitDisablesCheck (0 ms)
[----------] 1 test from ExecutionRisk (0 ms total)

[----------] Global test environment tear-down
[==========] 1 test from 1 test suite ran. (0 ms total)
[  PASSED  ] 1 test.
<end of output>
Test time =   0.01 sec
----------------------------------------------------------
Test Passed.
"ExecutionRisk.ZeroParticipationLimitDisablesCheck" end time: Jul 19 22:14 CDT
"ExecutionRisk.ZeroParticipationLimitDisablesCheck" time elapsed: 00:00:00
----------------------------------------------------------

209/214 Testing: ExecutionStore.CreatesSchema
209/214 Test: ExecutionStore.CreatesSchema
Command: "/Users/namtran/minimatch/build-ci/minimatch_tests" "--gtest_filter=ExecutionStore.CreatesSchema" "--gtest_also_run_disabled_tests"
Directory: /Users/namtran/minimatch/build-ci
"ExecutionStore.CreatesSchema" start time: Jul 19 22:14 CDT
Output:
----------------------------------------------------------
Running main() from /Users/namtran/minimatch/build-ci/_deps/googletest-src/googletest/src/gtest_main.cc
Note: Google Test filter = ExecutionStore.CreatesSchema
[==========] Running 1 test from 1 test suite.
[----------] Global test environment set-up.
[----------] 1 test from ExecutionStore
[ RUN      ] ExecutionStore.CreatesSchema
[       OK ] ExecutionStore.CreatesSchema (10 ms)
[----------] 1 test from ExecutionStore (10 ms total)

[----------] Global test environment tear-down
[==========] 1 test from 1 test suite ran. (10 ms total)
[  PASSED  ] 1 test.
<end of output>
Test time =   0.02 sec
----------------------------------------------------------
Test Passed.
"ExecutionStore.CreatesSchema" end time: Jul 19 22:14 CDT
"ExecutionStore.CreatesSchema" time elapsed: 00:00:00
----------------------------------------------------------

210/214 Testing: ExecutionStore.PersistsRouteAndChildren
210/214 Test: ExecutionStore.PersistsRouteAndChildren
Command: "/Users/namtran/minimatch/build-ci/minimatch_tests" "--gtest_filter=ExecutionStore.PersistsRouteAndChildren" "--gtest_also_run_disabled_tests"
Directory: /Users/namtran/minimatch/build-ci
"ExecutionStore.PersistsRouteAndChildren" start time: Jul 19 22:14 CDT
Output:
----------------------------------------------------------
Running main() from /Users/namtran/minimatch/build-ci/_deps/googletest-src/googletest/src/gtest_main.cc
Note: Google Test filter = ExecutionStore.PersistsRouteAndChildren
[==========] Running 1 test from 1 test suite.
[----------] Global test environment set-up.
[----------] 1 test from ExecutionStore
[ RUN      ] ExecutionStore.PersistsRouteAndChildren
[       OK ] ExecutionStore.PersistsRouteAndChildren (5 ms)
[----------] 1 test from ExecutionStore (5 ms total)

[----------] Global test environment tear-down
[==========] 1 test from 1 test suite ran. (5 ms total)
[  PASSED  ] 1 test.
<end of output>
Test time =   0.02 sec
----------------------------------------------------------
Test Passed.
"ExecutionStore.PersistsRouteAndChildren" end time: Jul 19 22:14 CDT
"ExecutionStore.PersistsRouteAndChildren" time elapsed: 00:00:00
----------------------------------------------------------

211/214 Testing: ExecutionStore.PersistsMultipleExecutions
211/214 Test: ExecutionStore.PersistsMultipleExecutions
Command: "/Users/namtran/minimatch/build-ci/minimatch_tests" "--gtest_filter=ExecutionStore.PersistsMultipleExecutions" "--gtest_also_run_disabled_tests"
Directory: /Users/namtran/minimatch/build-ci
"ExecutionStore.PersistsMultipleExecutions" start time: Jul 19 22:14 CDT
Output:
----------------------------------------------------------
Running main() from /Users/namtran/minimatch/build-ci/_deps/googletest-src/googletest/src/gtest_main.cc
Note: Google Test filter = ExecutionStore.PersistsMultipleExecutions
[==========] Running 1 test from 1 test suite.
[----------] Global test environment set-up.
[----------] 1 test from ExecutionStore
[ RUN      ] ExecutionStore.PersistsMultipleExecutions
[       OK ] ExecutionStore.PersistsMultipleExecutions (5 ms)
[----------] 1 test from ExecutionStore (5 ms total)

[----------] Global test environment tear-down
[==========] 1 test from 1 test suite ran. (5 ms total)
[  PASSED  ] 1 test.
<end of output>
Test time =   0.02 sec
----------------------------------------------------------
Test Passed.
"ExecutionStore.PersistsMultipleExecutions" end time: Jul 19 22:14 CDT
"ExecutionStore.PersistsMultipleExecutions" time elapsed: 00:00:00
----------------------------------------------------------

212/214 Testing: ExecutionStore.LoadsExecutionById
212/214 Test: ExecutionStore.LoadsExecutionById
Command: "/Users/namtran/minimatch/build-ci/minimatch_tests" "--gtest_filter=ExecutionStore.LoadsExecutionById" "--gtest_also_run_disabled_tests"
Directory: /Users/namtran/minimatch/build-ci
"ExecutionStore.LoadsExecutionById" start time: Jul 19 22:14 CDT
Output:
----------------------------------------------------------
Running main() from /Users/namtran/minimatch/build-ci/_deps/googletest-src/googletest/src/gtest_main.cc
Note: Google Test filter = ExecutionStore.LoadsExecutionById
[==========] Running 1 test from 1 test suite.
[----------] Global test environment set-up.
[----------] 1 test from ExecutionStore
[ RUN      ] ExecutionStore.LoadsExecutionById
[       OK ] ExecutionStore.LoadsExecutionById (5 ms)
[----------] 1 test from ExecutionStore (5 ms total)

[----------] Global test environment tear-down
[==========] 1 test from 1 test suite ran. (5 ms total)
[  PASSED  ] 1 test.
<end of output>
Test time =   0.02 sec
----------------------------------------------------------
Test Passed.
"ExecutionStore.LoadsExecutionById" end time: Jul 19 22:14 CDT
"ExecutionStore.LoadsExecutionById" time elapsed: 00:00:00
----------------------------------------------------------

213/214 Testing: ExecutionStore.ReturnsRecentExecutionsNewestFirst
213/214 Test: ExecutionStore.ReturnsRecentExecutionsNewestFirst
Command: "/Users/namtran/minimatch/build-ci/minimatch_tests" "--gtest_filter=ExecutionStore.ReturnsRecentExecutionsNewestFirst" "--gtest_also_run_disabled_tests"
Directory: /Users/namtran/minimatch/build-ci
"ExecutionStore.ReturnsRecentExecutionsNewestFirst" start time: Jul 19 22:14 CDT
Output:
----------------------------------------------------------
Running main() from /Users/namtran/minimatch/build-ci/_deps/googletest-src/googletest/src/gtest_main.cc
Note: Google Test filter = ExecutionStore.ReturnsRecentExecutionsNewestFirst
[==========] Running 1 test from 1 test suite.
[----------] Global test environment set-up.
[----------] 1 test from ExecutionStore
[ RUN      ] ExecutionStore.ReturnsRecentExecutionsNewestFirst
[       OK ] ExecutionStore.ReturnsRecentExecutionsNewestFirst (5 ms)
[----------] 1 test from ExecutionStore (5 ms total)

[----------] Global test environment tear-down
[==========] 1 test from 1 test suite ran. (5 ms total)
[  PASSED  ] 1 test.
<end of output>
Test time =   0.02 sec
----------------------------------------------------------
Test Passed.
"ExecutionStore.ReturnsRecentExecutionsNewestFirst" end time: Jul 19 22:14 CDT
"ExecutionStore.ReturnsRecentExecutionsNewestFirst" time elapsed: 00:00:00
----------------------------------------------------------

214/214 Testing: ExecutionStore.MissingExecutionReturnsEmpty
214/214 Test: ExecutionStore.MissingExecutionReturnsEmpty
Command: "/Users/namtran/minimatch/build-ci/minimatch_tests" "--gtest_filter=ExecutionStore.MissingExecutionReturnsEmpty" "--gtest_also_run_disabled_tests"
Directory: /Users/namtran/minimatch/build-ci
"ExecutionStore.MissingExecutionReturnsEmpty" start time: Jul 19 22:14 CDT
Output:
----------------------------------------------------------
Running main() from /Users/namtran/minimatch/build-ci/_deps/googletest-src/googletest/src/gtest_main.cc
Note: Google Test filter = ExecutionStore.MissingExecutionReturnsEmpty
[==========] Running 1 test from 1 test suite.
[----------] Global test environment set-up.
[----------] 1 test from ExecutionStore
[ RUN      ] ExecutionStore.MissingExecutionReturnsEmpty
[       OK ] ExecutionStore.MissingExecutionReturnsEmpty (5 ms)
[----------] 1 test from ExecutionStore (5 ms total)

[----------] Global test environment tear-down
[==========] 1 test from 1 test suite ran. (5 ms total)
[  PASSED  ] 1 test.
<end of output>
Test time =   0.02 sec
----------------------------------------------------------
Test Passed.
"ExecutionStore.MissingExecutionReturnsEmpty" end time: Jul 19 22:14 CDT
"ExecutionStore.MissingExecutionReturnsEmpty" time elapsed: 00:00:00
----------------------------------------------------------

End testing: Jul 19 22:14 CDT
